{"/Users/daryamakauchyk/Desktop/algososh/src/index.tsx": {"path":"/Users/daryamakauchyk/Desktop/algososh/src/index.tsx","statementMap":{"0":{"start":{"line":10,"column":13},"end":{"line":10,"column":57}},"1":{"start":{"line":11,"column":0},"end":{"line":11,"column":21}},"2":{"start":{"line":12,"column":0},"end":{"line":12,"column":18}}},"fnMap":{},"branchMap":{},"s":{"0":0,"1":0,"2":0},"f":{},"b":{}}
,"/Users/daryamakauchyk/Desktop/algososh/src/reportWebVitals.ts": {"path":"/Users/daryamakauchyk/Desktop/algososh/src/reportWebVitals.ts","statementMap":{"0":{"start":{"line":3,"column":24},"end":{"line":13,"column":1}},"1":{"start":{"line":4,"column":2},"end":{"line":12,"column":3}},"2":{"start":{"line":5,"column":4},"end":{"line":11,"column":7}},"3":{"start":{"line":6,"column":6},"end":{"line":6,"column":26}},"4":{"start":{"line":7,"column":6},"end":{"line":7,"column":26}},"5":{"start":{"line":8,"column":6},"end":{"line":8,"column":26}},"6":{"start":{"line":9,"column":6},"end":{"line":9,"column":26}},"7":{"start":{"line":10,"column":6},"end":{"line":10,"column":27}}},"fnMap":{"0":{"name":"(anonymous_0)","decl":{"start":{"line":3,"column":24},"end":{"line":3,"column":25}},"loc":{"start":{"line":3,"column":57},"end":{"line":13,"column":1}},"line":3},"1":{"name":"(anonymous_1)","decl":{"start":{"line":5,"column":30},"end":{"line":5,"column":31}},"loc":{"start":{"line":5,"column":79},"end":{"line":11,"column":5}},"line":5}},"branchMap":{"0":{"loc":{"start":{"line":4,"column":2},"end":{"line":12,"column":3}},"type":"if","locations":[{"start":{"line":4,"column":2},"end":{"line":12,"column":3}},{"start":{},"end":{}}],"line":4},"1":{"loc":{"start":{"line":4,"column":6},"end":{"line":4,"column":52}},"type":"binary-expr","locations":[{"start":{"line":4,"column":6},"end":{"line":4,"column":17}},{"start":{"line":4,"column":21},"end":{"line":4,"column":52}}],"line":4}},"s":{"0":0,"1":0,"2":0,"3":0,"4":0,"5":0,"6":0,"7":0},"f":{"0":0,"1":0},"b":{"0":[0,0],"1":[0,0]}}
,"/Users/daryamakauchyk/Desktop/algososh/src/components/app/app.tsx": {"path":"/Users/daryamakauchyk/Desktop/algososh/src/components/app/app.tsx","statementMap":{"0":{"start":{"line":14,"column":2},"end":{"line":42,"column":4}}},"fnMap":{"0":{"name":"App","decl":{"start":{"line":13,"column":16},"end":{"line":13,"column":19}},"loc":{"start":{"line":13,"column":22},"end":{"line":43,"column":1}},"line":13}},"branchMap":{},"s":{"0":1},"f":{"0":1},"b":{},"_coverageSchema":"1a1c01bbd47fc00a2c39e90264f33305004495a9","hash":"888cc77c1f5eb9fc33536d90fc6131682ebbf6bb"}
,"/Users/daryamakauchyk/Desktop/algososh/src/components/fibonacci-page/fibonacci-page.tsx": {"path":"/Users/daryamakauchyk/Desktop/algososh/src/components/fibonacci-page/fibonacci-page.tsx","statementMap":{"0":{"start":{"line":11,"column":39},"end":{"line":71,"column":1}},"1":{"start":{"line":12,"column":38},"end":{"line":12,"column":50}},"2":{"start":{"line":13,"column":34},"end":{"line":13,"column":61}},"3":{"start":{"line":14,"column":30},"end":{"line":14,"column":45}},"4":{"start":{"line":16,"column":24},"end":{"line":18,"column":3}},"5":{"start":{"line":17,"column":4},"end":{"line":17,"column":41}},"6":{"start":{"line":20,"column":25},"end":{"line":28,"column":3}},"7":{"start":{"line":21,"column":16},"end":{"line":21,"column":48}},"8":{"start":{"line":22,"column":4},"end":{"line":22,"column":20}},"9":{"start":{"line":23,"column":4},"end":{"line":26,"column":5}},"10":{"start":{"line":23,"column":17},"end":{"line":23,"column":18}},"11":{"start":{"line":24,"column":6},"end":{"line":24,"column":31}},"12":{"start":{"line":25,"column":6},"end":{"line":25,"column":39}},"13":{"start":{"line":27,"column":4},"end":{"line":27,"column":21}},"14":{"start":{"line":30,"column":28},"end":{"line":32,"column":3}},"15":{"start":{"line":31,"column":4},"end":{"line":31,"column":31}},"16":{"start":{"line":34,"column":2},"end":{"line":70,"column":4}},"17":{"start":{"line":63,"column":14},"end":{"line":65,"column":19}}},"fnMap":{"0":{"name":"(anonymous_0)","decl":{"start":{"line":11,"column":39},"end":{"line":11,"column":40}},"loc":{"start":{"line":11,"column":45},"end":{"line":71,"column":1}},"line":11},"1":{"name":"(anonymous_1)","decl":{"start":{"line":16,"column":24},"end":{"line":16,"column":25}},"loc":{"start":{"line":16,"column":62},"end":{"line":18,"column":3}},"line":16},"2":{"name":"(anonymous_2)","decl":{"start":{"line":20,"column":25},"end":{"line":20,"column":26}},"loc":{"start":{"line":20,"column":46},"end":{"line":28,"column":3}},"line":20},"3":{"name":"(anonymous_3)","decl":{"start":{"line":30,"column":28},"end":{"line":30,"column":29}},"loc":{"start":{"line":30,"column":34},"end":{"line":32,"column":3}},"line":30},"4":{"name":"(anonymous_4)","decl":{"start":{"line":62,"column":25},"end":{"line":62,"column":26}},"loc":{"start":{"line":63,"column":14},"end":{"line":65,"column":19}},"line":63}},"branchMap":{"0":{"loc":{"start":{"line":52,"column":16},"end":{"line":54,"column":25}},"type":"cond-expr","locations":[{"start":{"line":53,"column":20},"end":{"line":53,"column":24}},{"start":{"line":54,"column":20},"end":{"line":54,"column":25}}],"line":52},"1":{"loc":{"start":{"line":52,"column":16},"end":{"line":52,"column":72}},"type":"binary-expr","locations":[{"start":{"line":52,"column":16},"end":{"line":52,"column":33}},{"start":{"line":52,"column":37},"end":{"line":52,"column":53}},{"start":{"line":52,"column":57},"end":{"line":52,"column":72}}],"line":52},"2":{"loc":{"start":{"line":61,"column":11},"end":{"line":66,"column":14}},"type":"binary-expr","locations":[{"start":{"line":61,"column":11},"end":{"line":61,"column":19}},{"start":{"line":62,"column":12},"end":{"line":66,"column":14}}],"line":61}},"s":{"0":1,"1":0,"2":0,"3":0,"4":0,"5":0,"6":0,"7":0,"8":0,"9":0,"10":0,"11":0,"12":0,"13":0,"14":0,"15":0,"16":0,"17":0},"f":{"0":0,"1":0,"2":0,"3":0,"4":0},"b":{"0":[0,0],"1":[0,0,0],"2":[0,0]},"_coverageSchema":"1a1c01bbd47fc00a2c39e90264f33305004495a9","hash":"4401729d3fe5a557c78f336202fe972813aa9aa8"}
,"/Users/daryamakauchyk/Desktop/algososh/src/components/fibonacci-page/utils.ts": {"path":"/Users/daryamakauchyk/Desktop/algososh/src/components/fibonacci-page/utils.ts","statementMap":{"0":{"start":{"line":1,"column":35},"end":{"line":7,"column":1}},"1":{"start":{"line":2,"column":22},"end":{"line":2,"column":28}},"2":{"start":{"line":3,"column":2},"end":{"line":5,"column":3}},"3":{"start":{"line":3,"column":15},"end":{"line":3,"column":16}},"4":{"start":{"line":4,"column":4},"end":{"line":4,"column":38}},"5":{"start":{"line":6,"column":2},"end":{"line":6,"column":13}}},"fnMap":{"0":{"name":"(anonymous_0)","decl":{"start":{"line":1,"column":35},"end":{"line":1,"column":36}},"loc":{"start":{"line":1,"column":60},"end":{"line":7,"column":1}},"line":1}},"branchMap":{},"s":{"0":1,"1":0,"2":0,"3":0,"4":0,"5":0},"f":{"0":0},"b":{},"_coverageSchema":"1a1c01bbd47fc00a2c39e90264f33305004495a9","hash":"a5a44b1c95ea6bc9dc45db665efc210f49485639"}
,"/Users/daryamakauchyk/Desktop/algososh/src/components/list-page/list-page-class.tsx": {"path":"/Users/daryamakauchyk/Desktop/algososh/src/components/list-page/list-page-class.tsx","statementMap":{"0":{"start":{"line":7,"column":4},"end":{"line":7,"column":23}},"1":{"start":{"line":8,"column":4},"end":{"line":8,"column":49}},"2":{"start":{"line":17,"column":4},"end":{"line":17,"column":50}},"3":{"start":{"line":17,"column":30},"end":{"line":17,"column":48}},"4":{"start":{"line":21,"column":4},"end":{"line":21,"column":21}},"5":{"start":{"line":22,"column":4},"end":{"line":22,"column":21}},"6":{"start":{"line":23,"column":4},"end":{"line":23,"column":18}},"7":{"start":{"line":24,"column":4},"end":{"line":26,"column":5}},"8":{"start":{"line":25,"column":6},"end":{"line":25,"column":31}},"9":{"start":{"line":30,"column":4},"end":{"line":30,"column":21}},"10":{"start":{"line":34,"column":4},"end":{"line":34,"column":53}},"11":{"start":{"line":34,"column":41},"end":{"line":34,"column":53}},"12":{"start":{"line":35,"column":18},"end":{"line":35,"column":19}},"13":{"start":{"line":36,"column":15},"end":{"line":36,"column":24}},"14":{"start":{"line":37,"column":4},"end":{"line":40,"column":5}},"15":{"start":{"line":38,"column":6},"end":{"line":38,"column":24}},"16":{"start":{"line":39,"column":6},"end":{"line":39,"column":16}},"17":{"start":{"line":41,"column":4},"end":{"line":41,"column":16}},"18":{"start":{"line":45,"column":15},"end":{"line":45,"column":24}},"19":{"start":{"line":46,"column":16},"end":{"line":46,"column":18}},"20":{"start":{"line":48,"column":4},"end":{"line":51,"column":5}},"21":{"start":{"line":49,"column":6},"end":{"line":49,"column":27}},"22":{"start":{"line":50,"column":6},"end":{"line":50,"column":23}},"23":{"start":{"line":52,"column":4},"end":{"line":52,"column":20}},"24":{"start":{"line":56,"column":4},"end":{"line":56,"column":32}},"25":{"start":{"line":56,"column":20},"end":{"line":56,"column":32}},"26":{"start":{"line":58,"column":4},"end":{"line":63,"column":5}},"27":{"start":{"line":59,"column":6},"end":{"line":59,"column":23}},"28":{"start":{"line":60,"column":6},"end":{"line":60,"column":23}},"29":{"start":{"line":61,"column":6},"end":{"line":61,"column":20}},"30":{"start":{"line":62,"column":6},"end":{"line":62,"column":13}},"31":{"start":{"line":65,"column":24},"end":{"line":65,"column":33}},"32":{"start":{"line":66,"column":20},"end":{"line":66,"column":36}},"33":{"start":{"line":67,"column":4},"end":{"line":67,"column":24}},"34":{"start":{"line":68,"column":4},"end":{"line":68,"column":16}},"35":{"start":{"line":72,"column":4},"end":{"line":72,"column":32}},"36":{"start":{"line":72,"column":20},"end":{"line":72,"column":32}},"37":{"start":{"line":73,"column":19},"end":{"line":73,"column":28}},"38":{"start":{"line":74,"column":4},"end":{"line":79,"column":31}},"39":{"start":{"line":79,"column":6},"end":{"line":79,"column":31}},"40":{"start":{"line":80,"column":4},"end":{"line":80,"column":25}},"41":{"start":{"line":81,"column":4},"end":{"line":81,"column":16}},"42":{"start":{"line":82,"column":4},"end":{"line":82,"column":21}},"43":{"start":{"line":86,"column":15},"end":{"line":86,"column":42}},"44":{"start":{"line":87,"column":4},"end":{"line":99,"column":5}},"45":{"start":{"line":88,"column":6},"end":{"line":88,"column":23}},"46":{"start":{"line":89,"column":6},"end":{"line":89,"column":33}},"47":{"start":{"line":91,"column":20},"end":{"line":91,"column":29}},"48":{"start":{"line":92,"column":6},"end":{"line":94,"column":7}},"49":{"start":{"line":93,"column":8},"end":{"line":93,"column":31}},"50":{"start":{"line":95,"column":6},"end":{"line":98,"column":7}},"51":{"start":{"line":96,"column":8},"end":{"line":96,"column":51}},"52":{"start":{"line":97,"column":8},"end":{"line":97,"column":33}},"53":{"start":{"line":100,"column":4},"end":{"line":100,"column":16}},"54":{"start":{"line":104,"column":20},"end":{"line":104,"column":47}},"55":{"start":{"line":105,"column":24},"end":{"line":105,"column":33}},"56":{"start":{"line":106,"column":4},"end":{"line":106,"column":24}},"57":{"start":{"line":107,"column":4},"end":{"line":107,"column":33}},"58":{"start":{"line":108,"column":4},"end":{"line":108,"column":16}},"59":{"start":{"line":112,"column":20},"end":{"line":112,"column":47}},"60":{"start":{"line":114,"column":4},"end":{"line":118,"column":5}},"61":{"start":{"line":115,"column":6},"end":{"line":115,"column":31}},"62":{"start":{"line":116,"column":6},"end":{"line":116,"column":26}},"63":{"start":{"line":117,"column":6},"end":{"line":117,"column":18}},"64":{"start":{"line":120,"column":15},"end":{"line":120,"column":38}},"65":{"start":{"line":121,"column":4},"end":{"line":126,"column":5}},"66":{"start":{"line":122,"column":17},"end":{"line":122,"column":27}},"67":{"start":{"line":123,"column":6},"end":{"line":123,"column":27}},"68":{"start":{"line":124,"column":6},"end":{"line":124,"column":27}},"69":{"start":{"line":125,"column":6},"end":{"line":125,"column":18}},"70":{"start":{"line":127,"column":4},"end":{"line":127,"column":11}},"71":{"start":{"line":131,"column":4},"end":{"line":131,"column":46}},"72":{"start":{"line":131,"column":21},"end":{"line":131,"column":46}},"73":{"start":{"line":132,"column":4},"end":{"line":132,"column":58}},"74":{"start":{"line":132,"column":33},"end":{"line":132,"column":58}},"75":{"start":{"line":133,"column":15},"end":{"line":133,"column":38}},"76":{"start":{"line":134,"column":4},"end":{"line":139,"column":5}},"77":{"start":{"line":135,"column":24},"end":{"line":135,"column":34}},"78":{"start":{"line":136,"column":6},"end":{"line":136,"column":36}},"79":{"start":{"line":137,"column":6},"end":{"line":137,"column":18}},"80":{"start":{"line":138,"column":6},"end":{"line":138,"column":25}}},"fnMap":{"0":{"name":"(anonymous_0)","decl":{"start":{"line":6,"column":2},"end":{"line":6,"column":3}},"loc":{"start":{"line":6,"column":57},"end":{"line":9,"column":3}},"line":6},"1":{"name":"(anonymous_1)","decl":{"start":{"line":16,"column":2},"end":{"line":16,"column":3}},"loc":{"start":{"line":16,"column":33},"end":{"line":18,"column":3}},"line":16},"2":{"name":"(anonymous_2)","decl":{"start":{"line":17,"column":19},"end":{"line":17,"column":20}},"loc":{"start":{"line":17,"column":30},"end":{"line":17,"column":48}},"line":17},"3":{"name":"(anonymous_3)","decl":{"start":{"line":20,"column":2},"end":{"line":20,"column":3}},"loc":{"start":{"line":20,"column":29},"end":{"line":27,"column":3}},"line":20},"4":{"name":"(anonymous_4)","decl":{"start":{"line":29,"column":2},"end":{"line":29,"column":3}},"loc":{"start":{"line":29,"column":12},"end":{"line":31,"column":3}},"line":29},"5":{"name":"(anonymous_5)","decl":{"start":{"line":33,"column":2},"end":{"line":33,"column":3}},"loc":{"start":{"line":33,"column":25},"end":{"line":42,"column":3}},"line":33},"6":{"name":"(anonymous_6)","decl":{"start":{"line":44,"column":2},"end":{"line":44,"column":3}},"loc":{"start":{"line":44,"column":12},"end":{"line":53,"column":3}},"line":44},"7":{"name":"(anonymous_7)","decl":{"start":{"line":55,"column":2},"end":{"line":55,"column":3}},"loc":{"start":{"line":55,"column":15},"end":{"line":69,"column":3}},"line":55},"8":{"name":"(anonymous_8)","decl":{"start":{"line":71,"column":2},"end":{"line":71,"column":3}},"loc":{"start":{"line":71,"column":15},"end":{"line":83,"column":3}},"line":71},"9":{"name":"(anonymous_9)","decl":{"start":{"line":85,"column":2},"end":{"line":85,"column":3}},"loc":{"start":{"line":85,"column":21},"end":{"line":101,"column":3}},"line":85},"10":{"name":"(anonymous_10)","decl":{"start":{"line":103,"column":2},"end":{"line":103,"column":3}},"loc":{"start":{"line":103,"column":22},"end":{"line":109,"column":3}},"line":103},"11":{"name":"(anonymous_11)","decl":{"start":{"line":111,"column":2},"end":{"line":111,"column":3}},"loc":{"start":{"line":111,"column":40},"end":{"line":128,"column":3}},"line":111},"12":{"name":"(anonymous_12)","decl":{"start":{"line":130,"column":2},"end":{"line":130,"column":3}},"loc":{"start":{"line":130,"column":31},"end":{"line":140,"column":3}},"line":130}},"branchMap":{"0":{"loc":{"start":{"line":8,"column":16},"end":{"line":8,"column":48}},"type":"cond-expr","locations":[{"start":{"line":8,"column":37},"end":{"line":8,"column":41}},{"start":{"line":8,"column":44},"end":{"line":8,"column":48}}],"line":8},"1":{"loc":{"start":{"line":24,"column":4},"end":{"line":26,"column":5}},"type":"if","locations":[{"start":{"line":24,"column":4},"end":{"line":26,"column":5}},{"start":{},"end":{}}],"line":24},"2":{"loc":{"start":{"line":34,"column":4},"end":{"line":34,"column":53}},"type":"if","locations":[{"start":{"line":34,"column":4},"end":{"line":34,"column":53}},{"start":{},"end":{}}],"line":34},"3":{"loc":{"start":{"line":34,"column":8},"end":{"line":34,"column":39}},"type":"binary-expr","locations":[{"start":{"line":34,"column":8},"end":{"line":34,"column":17}},{"start":{"line":34,"column":21},"end":{"line":34,"column":39}}],"line":34},"4":{"loc":{"start":{"line":37,"column":11},"end":{"line":37,"column":36}},"type":"binary-expr","locations":[{"start":{"line":37,"column":11},"end":{"line":37,"column":28}},{"start":{"line":37,"column":32},"end":{"line":37,"column":36}}],"line":37},"5":{"loc":{"start":{"line":56,"column":4},"end":{"line":56,"column":32}},"type":"if","locations":[{"start":{"line":56,"column":4},"end":{"line":56,"column":32}},{"start":{},"end":{}}],"line":56},"6":{"loc":{"start":{"line":58,"column":4},"end":{"line":63,"column":5}},"type":"if","locations":[{"start":{"line":58,"column":4},"end":{"line":63,"column":5}},{"start":{},"end":{}}],"line":58},"7":{"loc":{"start":{"line":72,"column":4},"end":{"line":72,"column":32}},"type":"if","locations":[{"start":{"line":72,"column":4},"end":{"line":72,"column":32}},{"start":{},"end":{}}],"line":72},"8":{"loc":{"start":{"line":75,"column":6},"end":{"line":77,"column":32}},"type":"binary-expr","locations":[{"start":{"line":75,"column":6},"end":{"line":75,"column":23}},{"start":{"line":76,"column":6},"end":{"line":76,"column":28}},{"start":{"line":77,"column":6},"end":{"line":77,"column":32}}],"line":75},"9":{"loc":{"start":{"line":87,"column":4},"end":{"line":99,"column":5}},"type":"if","locations":[{"start":{"line":87,"column":4},"end":{"line":99,"column":5}},{"start":{"line":90,"column":11},"end":{"line":99,"column":5}}],"line":87},"10":{"loc":{"start":{"line":92,"column":13},"end":{"line":92,"column":45}},"type":"binary-expr","locations":[{"start":{"line":92,"column":13},"end":{"line":92,"column":20}},{"start":{"line":92,"column":24},"end":{"line":92,"column":45}}],"line":92},"11":{"loc":{"start":{"line":95,"column":6},"end":{"line":98,"column":7}},"type":"if","locations":[{"start":{"line":95,"column":6},"end":{"line":98,"column":7}},{"start":{},"end":{}}],"line":95},"12":{"loc":{"start":{"line":95,"column":10},"end":{"line":95,"column":42}},"type":"binary-expr","locations":[{"start":{"line":95,"column":10},"end":{"line":95,"column":17}},{"start":{"line":95,"column":21},"end":{"line":95,"column":42}}],"line":95},"13":{"loc":{"start":{"line":114,"column":4},"end":{"line":118,"column":5}},"type":"if","locations":[{"start":{"line":114,"column":4},"end":{"line":118,"column":5}},{"start":{},"end":{}}],"line":114},"14":{"loc":{"start":{"line":121,"column":4},"end":{"line":126,"column":5}},"type":"if","locations":[{"start":{"line":121,"column":4},"end":{"line":126,"column":5}},{"start":{},"end":{}}],"line":121},"15":{"loc":{"start":{"line":131,"column":4},"end":{"line":131,"column":46}},"type":"if","locations":[{"start":{"line":131,"column":4},"end":{"line":131,"column":46}},{"start":{},"end":{}}],"line":131},"16":{"loc":{"start":{"line":132,"column":4},"end":{"line":132,"column":58}},"type":"if","locations":[{"start":{"line":132,"column":4},"end":{"line":132,"column":58}},{"start":{},"end":{}}],"line":132},"17":{"loc":{"start":{"line":134,"column":4},"end":{"line":139,"column":5}},"type":"if","locations":[{"start":{"line":134,"column":4},"end":{"line":139,"column":5}},{"start":{},"end":{}}],"line":134}},"s":{"0":0,"1":0,"2":0,"3":0,"4":0,"5":0,"6":0,"7":0,"8":0,"9":0,"10":0,"11":0,"12":0,"13":0,"14":0,"15":0,"16":0,"17":0,"18":0,"19":0,"20":0,"21":0,"22":0,"23":0,"24":0,"25":0,"26":0,"27":0,"28":0,"29":0,"30":0,"31":0,"32":0,"33":0,"34":0,"35":0,"36":0,"37":0,"38":0,"39":0,"40":0,"41":0,"42":0,"43":0,"44":0,"45":0,"46":0,"47":0,"48":0,"49":0,"50":0,"51":0,"52":0,"53":0,"54":0,"55":0,"56":0,"57":0,"58":0,"59":0,"60":0,"61":0,"62":0,"63":0,"64":0,"65":0,"66":0,"67":0,"68":0,"69":0,"70":0,"71":0,"72":0,"73":0,"74":0,"75":0,"76":0,"77":0,"78":0,"79":0,"80":0},"f":{"0":0,"1":0,"2":0,"3":0,"4":0,"5":0,"6":0,"7":0,"8":0,"9":0,"10":0,"11":0,"12":0},"b":{"0":[0,0],"1":[0,0],"2":[0,0],"3":[0,0],"4":[0,0],"5":[0,0],"6":[0,0],"7":[0,0],"8":[0,0,0],"9":[0,0],"10":[0,0],"11":[0,0],"12":[0,0],"13":[0,0],"14":[0,0],"15":[0,0],"16":[0,0],"17":[0,0]},"_coverageSchema":"1a1c01bbd47fc00a2c39e90264f33305004495a9","hash":"4c0d69405c2e4e6282147dd94bed67973faca84b"}
,"/Users/daryamakauchyk/Desktop/algososh/src/components/list-page/list-page.tsx": {"path":"/Users/daryamakauchyk/Desktop/algososh/src/components/list-page/list-page.tsx","statementMap":{"0":{"start":{"line":19,"column":34},"end":{"line":430,"column":1}},"1":{"start":{"line":20,"column":38},"end":{"line":20,"column":50}},"2":{"start":{"line":21,"column":38},"end":{"line":21,"column":50}},"3":{"start":{"line":22,"column":40},"end":{"line":22,"column":52}},"4":{"start":{"line":24,"column":15},"end":{"line":32,"column":3}},"5":{"start":{"line":26,"column":6},"end":{"line":30,"column":7}},"6":{"start":{"line":28,"column":10},"end":{"line":28,"column":43}},"7":{"start":{"line":34,"column":24},"end":{"line":38,"column":3}},"8":{"start":{"line":37,"column":22},"end":{"line":37,"column":67}},"9":{"start":{"line":40,"column":40},"end":{"line":40,"column":55}},"10":{"start":{"line":41,"column":48},"end":{"line":41,"column":63}},"11":{"start":{"line":42,"column":42},"end":{"line":42,"column":57}},"12":{"start":{"line":43,"column":46},"end":{"line":43,"column":61}},"13":{"start":{"line":44,"column":40},"end":{"line":44,"column":55}},"14":{"start":{"line":45,"column":48},"end":{"line":45,"column":63}},"15":{"start":{"line":46,"column":52},"end":{"line":46,"column":70}},"16":{"start":{"line":47,"column":32},"end":{"line":47,"column":47}},"17":{"start":{"line":48,"column":40},"end":{"line":48,"column":55}},"18":{"start":{"line":49,"column":54},"end":{"line":49,"column":69}},"19":{"start":{"line":50,"column":60},"end":{"line":50,"column":75}},"20":{"start":{"line":52,"column":32},"end":{"line":52,"column":67}},"21":{"start":{"line":53,"column":32},"end":{"line":53,"column":61}},"22":{"start":{"line":56,"column":4},"end":{"line":60,"column":18}},"23":{"start":{"line":62,"column":4},"end":{"line":66,"column":18}},"24":{"start":{"line":68,"column":4},"end":{"line":72,"column":18}},"25":{"start":{"line":74,"column":4},"end":{"line":78,"column":18}},"26":{"start":{"line":80,"column":4},"end":{"line":80,"column":67}},"27":{"start":{"line":82,"column":4},"end":{"line":82,"column":65}},"28":{"start":{"line":84,"column":2},"end":{"line":97,"column":5}},"29":{"start":{"line":85,"column":4},"end":{"line":87,"column":40}},"30":{"start":{"line":89,"column":4},"end":{"line":92,"column":43}},"31":{"start":{"line":94,"column":4},"end":{"line":96,"column":34}},"32":{"start":{"line":99,"column":24},"end":{"line":101,"column":3}},"33":{"start":{"line":100,"column":4},"end":{"line":100,"column":34}},"34":{"start":{"line":103,"column":24},"end":{"line":105,"column":3}},"35":{"start":{"line":104,"column":4},"end":{"line":104,"column":34}},"36":{"start":{"line":107,"column":22},"end":{"line":114,"column":3}},"37":{"start":{"line":108,"column":4},"end":{"line":110,"column":5}},"38":{"start":{"line":109,"column":6},"end":{"line":109,"column":20}},"39":{"start":{"line":111,"column":4},"end":{"line":113,"column":5}},"40":{"start":{"line":112,"column":6},"end":{"line":112,"column":16}},"41":{"start":{"line":116,"column":22},"end":{"line":127,"column":3}},"42":{"start":{"line":117,"column":4},"end":{"line":119,"column":5}},"43":{"start":{"line":118,"column":6},"end":{"line":118,"column":20}},"44":{"start":{"line":120,"column":4},"end":{"line":122,"column":5}},"45":{"start":{"line":121,"column":6},"end":{"line":121,"column":16}},"46":{"start":{"line":123,"column":4},"end":{"line":125,"column":5}},"47":{"start":{"line":124,"column":6},"end":{"line":124,"column":16}},"48":{"start":{"line":126,"column":4},"end":{"line":126,"column":14}},"49":{"start":{"line":129,"column":26},"end":{"line":153,"column":3}},"50":{"start":{"line":130,"column":4},"end":{"line":132,"column":5}},"51":{"start":{"line":131,"column":6},"end":{"line":131,"column":31}},"52":{"start":{"line":133,"column":4},"end":{"line":150,"column":5}},"53":{"start":{"line":134,"column":6},"end":{"line":134,"column":23}},"54":{"start":{"line":135,"column":6},"end":{"line":135,"column":30}},"55":{"start":{"line":136,"column":6},"end":{"line":136,"column":27}},"56":{"start":{"line":138,"column":6},"end":{"line":138,"column":31}},"57":{"start":{"line":139,"column":6},"end":{"line":139,"column":31}},"58":{"start":{"line":140,"column":6},"end":{"line":140,"column":28}},"59":{"start":{"line":141,"column":21},"end":{"line":143,"column":71}},"60":{"start":{"line":143,"column":24},"end":{"line":143,"column":69}},"61":{"start":{"line":144,"column":6},"end":{"line":144,"column":47}},"62":{"start":{"line":145,"column":6},"end":{"line":145,"column":21}},"63":{"start":{"line":147,"column":6},"end":{"line":147,"column":31}},"64":{"start":{"line":148,"column":6},"end":{"line":148,"column":46}},"65":{"start":{"line":149,"column":6},"end":{"line":149,"column":21}},"66":{"start":{"line":151,"column":4},"end":{"line":151,"column":22}},"67":{"start":{"line":152,"column":4},"end":{"line":152,"column":22}},"68":{"start":{"line":155,"column":26},"end":{"line":179,"column":3}},"69":{"start":{"line":156,"column":4},"end":{"line":158,"column":5}},"70":{"start":{"line":157,"column":6},"end":{"line":157,"column":31}},"71":{"start":{"line":159,"column":4},"end":{"line":176,"column":5}},"72":{"start":{"line":160,"column":6},"end":{"line":160,"column":23}},"73":{"start":{"line":161,"column":6},"end":{"line":161,"column":47}},"74":{"start":{"line":162,"column":6},"end":{"line":162,"column":27}},"75":{"start":{"line":164,"column":6},"end":{"line":164,"column":31}},"76":{"start":{"line":165,"column":6},"end":{"line":165,"column":30}},"77":{"start":{"line":166,"column":6},"end":{"line":166,"column":28}},"78":{"start":{"line":167,"column":21},"end":{"line":169,"column":71}},"79":{"start":{"line":169,"column":24},"end":{"line":169,"column":69}},"80":{"start":{"line":170,"column":6},"end":{"line":170,"column":63}},"81":{"start":{"line":171,"column":6},"end":{"line":171,"column":21}},"82":{"start":{"line":173,"column":6},"end":{"line":173,"column":31}},"83":{"start":{"line":174,"column":6},"end":{"line":174,"column":62}},"84":{"start":{"line":175,"column":6},"end":{"line":175,"column":21}},"85":{"start":{"line":177,"column":4},"end":{"line":177,"column":22}},"86":{"start":{"line":178,"column":4},"end":{"line":178,"column":22}},"87":{"start":{"line":181,"column":31},"end":{"line":203,"column":3}},"88":{"start":{"line":182,"column":4},"end":{"line":201,"column":5}},"89":{"start":{"line":183,"column":33},"end":{"line":185,"column":71}},"90":{"start":{"line":185,"column":24},"end":{"line":185,"column":69}},"91":{"start":{"line":186,"column":6},"end":{"line":186,"column":38}},"92":{"start":{"line":187,"column":6},"end":{"line":187,"column":23}},"93":{"start":{"line":188,"column":6},"end":{"line":188,"column":31}},"94":{"start":{"line":189,"column":6},"end":{"line":189,"column":30}},"95":{"start":{"line":190,"column":6},"end":{"line":190,"column":27}},"96":{"start":{"line":191,"column":6},"end":{"line":191,"column":21}},"97":{"start":{"line":193,"column":6},"end":{"line":193,"column":31}},"98":{"start":{"line":194,"column":6},"end":{"line":194,"column":24}},"99":{"start":{"line":195,"column":6},"end":{"line":195,"column":32}},"100":{"start":{"line":196,"column":6},"end":{"line":200,"column":8}},"101":{"start":{"line":199,"column":26},"end":{"line":199,"column":71}},"102":{"start":{"line":202,"column":4},"end":{"line":202,"column":22}},"103":{"start":{"line":205,"column":31},"end":{"line":227,"column":3}},"104":{"start":{"line":206,"column":4},"end":{"line":225,"column":5}},"105":{"start":{"line":207,"column":33},"end":{"line":209,"column":71}},"106":{"start":{"line":209,"column":24},"end":{"line":209,"column":69}},"107":{"start":{"line":210,"column":6},"end":{"line":210,"column":54}},"108":{"start":{"line":211,"column":6},"end":{"line":211,"column":23}},"109":{"start":{"line":212,"column":6},"end":{"line":212,"column":31}},"110":{"start":{"line":213,"column":6},"end":{"line":213,"column":46}},"111":{"start":{"line":214,"column":6},"end":{"line":214,"column":43}},"112":{"start":{"line":215,"column":6},"end":{"line":215,"column":21}},"113":{"start":{"line":217,"column":6},"end":{"line":217,"column":31}},"114":{"start":{"line":218,"column":6},"end":{"line":218,"column":24}},"115":{"start":{"line":219,"column":6},"end":{"line":219,"column":32}},"116":{"start":{"line":220,"column":6},"end":{"line":224,"column":8}},"117":{"start":{"line":223,"column":26},"end":{"line":223,"column":71}},"118":{"start":{"line":226,"column":4},"end":{"line":226,"column":22}},"119":{"start":{"line":229,"column":27},"end":{"line":265,"column":3}},"120":{"start":{"line":230,"column":4},"end":{"line":232,"column":5}},"121":{"start":{"line":231,"column":6},"end":{"line":231,"column":38}},"122":{"start":{"line":233,"column":4},"end":{"line":261,"column":5}},"123":{"start":{"line":234,"column":6},"end":{"line":234,"column":23}},"124":{"start":{"line":235,"column":6},"end":{"line":235,"column":28}},"125":{"start":{"line":236,"column":21},"end":{"line":238,"column":71}},"126":{"start":{"line":238,"column":24},"end":{"line":238,"column":69}},"127":{"start":{"line":239,"column":6},"end":{"line":247,"column":7}},"128":{"start":{"line":239,"column":19},"end":{"line":239,"column":20}},"129":{"start":{"line":240,"column":8},"end":{"line":240,"column":32}},"130":{"start":{"line":242,"column":8},"end":{"line":242,"column":33}},"131":{"start":{"line":243,"column":8},"end":{"line":246,"column":9}},"132":{"start":{"line":244,"column":10},"end":{"line":244,"column":51}},"133":{"start":{"line":245,"column":10},"end":{"line":245,"column":25}},"134":{"start":{"line":248,"column":6},"end":{"line":248,"column":29}},"135":{"start":{"line":249,"column":6},"end":{"line":249,"column":32}},"136":{"start":{"line":250,"column":6},"end":{"line":250,"column":47}},"137":{"start":{"line":251,"column":23},"end":{"line":253,"column":71}},"138":{"start":{"line":253,"column":24},"end":{"line":253,"column":69}},"139":{"start":{"line":254,"column":6},"end":{"line":254,"column":59}},"140":{"start":{"line":256,"column":6},"end":{"line":256,"column":23}},"141":{"start":{"line":258,"column":6},"end":{"line":258,"column":31}},"142":{"start":{"line":259,"column":6},"end":{"line":259,"column":58}},"143":{"start":{"line":260,"column":6},"end":{"line":260,"column":23}},"144":{"start":{"line":262,"column":4},"end":{"line":262,"column":22}},"145":{"start":{"line":263,"column":4},"end":{"line":263,"column":22}},"146":{"start":{"line":264,"column":4},"end":{"line":264,"column":22}},"147":{"start":{"line":267,"column":30},"end":{"line":298,"column":3}},"148":{"start":{"line":268,"column":4},"end":{"line":297,"column":5}},"149":{"start":{"line":269,"column":6},"end":{"line":269,"column":23}},"150":{"start":{"line":270,"column":6},"end":{"line":270,"column":30}},"151":{"start":{"line":271,"column":33},"end":{"line":273,"column":71}},"152":{"start":{"line":273,"column":24},"end":{"line":273,"column":69}},"153":{"start":{"line":274,"column":6},"end":{"line":278,"column":7}},"154":{"start":{"line":274,"column":19},"end":{"line":274,"column":20}},"155":{"start":{"line":275,"column":8},"end":{"line":275,"column":33}},"156":{"start":{"line":276,"column":8},"end":{"line":276,"column":49}},"157":{"start":{"line":277,"column":8},"end":{"line":277,"column":28}},"158":{"start":{"line":280,"column":6},"end":{"line":280,"column":31}},"159":{"start":{"line":281,"column":6},"end":{"line":281,"column":48}},"160":{"start":{"line":282,"column":6},"end":{"line":282,"column":37}},"161":{"start":{"line":283,"column":6},"end":{"line":283,"column":30}},"162":{"start":{"line":284,"column":6},"end":{"line":284,"column":56}},"163":{"start":{"line":285,"column":6},"end":{"line":285,"column":40}},"164":{"start":{"line":287,"column":6},"end":{"line":287,"column":31}},"165":{"start":{"line":288,"column":6},"end":{"line":288,"column":38}},"166":{"start":{"line":289,"column":6},"end":{"line":293,"column":8}},"167":{"start":{"line":292,"column":26},"end":{"line":292,"column":71}},"168":{"start":{"line":294,"column":6},"end":{"line":294,"column":31}},"169":{"start":{"line":295,"column":6},"end":{"line":295,"column":24}},"170":{"start":{"line":296,"column":6},"end":{"line":296,"column":24}},"171":{"start":{"line":300,"column":2},"end":{"line":429,"column":4}},"172":{"start":{"line":377,"column":12},"end":{"line":425,"column":17}}},"fnMap":{"0":{"name":"(anonymous_0)","decl":{"start":{"line":19,"column":34},"end":{"line":19,"column":35}},"loc":{"start":{"line":19,"column":40},"end":{"line":430,"column":1}},"line":19},"1":{"name":"(anonymous_1)","decl":{"start":{"line":25,"column":4},"end":{"line":25,"column":5}},"loc":{"start":{"line":26,"column":6},"end":{"line":30,"column":7}},"line":26},"2":{"name":"(anonymous_2)","decl":{"start":{"line":27,"column":52},"end":{"line":27,"column":53}},"loc":{"start":{"line":28,"column":10},"end":{"line":28,"column":43}},"line":28},"3":{"name":"(anonymous_3)","decl":{"start":{"line":37,"column":11},"end":{"line":37,"column":12}},"loc":{"start":{"line":37,"column":22},"end":{"line":37,"column":67}},"line":37},"4":{"name":"(anonymous_4)","decl":{"start":{"line":84,"column":12},"end":{"line":84,"column":13}},"loc":{"start":{"line":84,"column":18},"end":{"line":97,"column":3}},"line":84},"5":{"name":"(anonymous_5)","decl":{"start":{"line":99,"column":24},"end":{"line":99,"column":25}},"loc":{"start":{"line":99,"column":62},"end":{"line":101,"column":3}},"line":99},"6":{"name":"(anonymous_6)","decl":{"start":{"line":103,"column":24},"end":{"line":103,"column":25}},"loc":{"start":{"line":103,"column":62},"end":{"line":105,"column":3}},"line":103},"7":{"name":"(anonymous_7)","decl":{"start":{"line":107,"column":22},"end":{"line":107,"column":23}},"loc":{"start":{"line":107,"column":41},"end":{"line":114,"column":3}},"line":107},"8":{"name":"(anonymous_8)","decl":{"start":{"line":116,"column":22},"end":{"line":116,"column":23}},"loc":{"start":{"line":116,"column":41},"end":{"line":127,"column":3}},"line":116},"9":{"name":"(anonymous_9)","decl":{"start":{"line":129,"column":26},"end":{"line":129,"column":27}},"loc":{"start":{"line":129,"column":38},"end":{"line":153,"column":3}},"line":129},"10":{"name":"(anonymous_10)","decl":{"start":{"line":143,"column":13},"end":{"line":143,"column":14}},"loc":{"start":{"line":143,"column":24},"end":{"line":143,"column":69}},"line":143},"11":{"name":"(anonymous_11)","decl":{"start":{"line":155,"column":26},"end":{"line":155,"column":27}},"loc":{"start":{"line":155,"column":38},"end":{"line":179,"column":3}},"line":155},"12":{"name":"(anonymous_12)","decl":{"start":{"line":169,"column":13},"end":{"line":169,"column":14}},"loc":{"start":{"line":169,"column":24},"end":{"line":169,"column":69}},"line":169},"13":{"name":"(anonymous_13)","decl":{"start":{"line":181,"column":31},"end":{"line":181,"column":32}},"loc":{"start":{"line":181,"column":43},"end":{"line":203,"column":3}},"line":181},"14":{"name":"(anonymous_14)","decl":{"start":{"line":185,"column":13},"end":{"line":185,"column":14}},"loc":{"start":{"line":185,"column":24},"end":{"line":185,"column":69}},"line":185},"15":{"name":"(anonymous_15)","decl":{"start":{"line":199,"column":15},"end":{"line":199,"column":16}},"loc":{"start":{"line":199,"column":26},"end":{"line":199,"column":71}},"line":199},"16":{"name":"(anonymous_16)","decl":{"start":{"line":205,"column":31},"end":{"line":205,"column":32}},"loc":{"start":{"line":205,"column":43},"end":{"line":227,"column":3}},"line":205},"17":{"name":"(anonymous_17)","decl":{"start":{"line":209,"column":13},"end":{"line":209,"column":14}},"loc":{"start":{"line":209,"column":24},"end":{"line":209,"column":69}},"line":209},"18":{"name":"(anonymous_18)","decl":{"start":{"line":223,"column":15},"end":{"line":223,"column":16}},"loc":{"start":{"line":223,"column":26},"end":{"line":223,"column":71}},"line":223},"19":{"name":"(anonymous_19)","decl":{"start":{"line":229,"column":27},"end":{"line":229,"column":28}},"loc":{"start":{"line":229,"column":39},"end":{"line":265,"column":3}},"line":229},"20":{"name":"(anonymous_20)","decl":{"start":{"line":238,"column":13},"end":{"line":238,"column":14}},"loc":{"start":{"line":238,"column":24},"end":{"line":238,"column":69}},"line":238},"21":{"name":"(anonymous_21)","decl":{"start":{"line":253,"column":13},"end":{"line":253,"column":14}},"loc":{"start":{"line":253,"column":24},"end":{"line":253,"column":69}},"line":253},"22":{"name":"(anonymous_22)","decl":{"start":{"line":267,"column":30},"end":{"line":267,"column":31}},"loc":{"start":{"line":267,"column":42},"end":{"line":298,"column":3}},"line":267},"23":{"name":"(anonymous_23)","decl":{"start":{"line":273,"column":13},"end":{"line":273,"column":14}},"loc":{"start":{"line":273,"column":24},"end":{"line":273,"column":69}},"line":273},"24":{"name":"(anonymous_24)","decl":{"start":{"line":292,"column":15},"end":{"line":292,"column":16}},"loc":{"start":{"line":292,"column":26},"end":{"line":292,"column":71}},"line":292},"25":{"name":"(anonymous_25)","decl":{"start":{"line":376,"column":18},"end":{"line":376,"column":19}},"loc":{"start":{"line":377,"column":12},"end":{"line":425,"column":17}},"line":377}},"branchMap":{"0":{"loc":{"start":{"line":52,"column":32},"end":{"line":52,"column":67}},"type":"binary-expr","locations":[{"start":{"line":52,"column":32},"end":{"line":52,"column":48}},{"start":{"line":52,"column":52},"end":{"line":52,"column":67}}],"line":52},"1":{"loc":{"start":{"line":53,"column":32},"end":{"line":53,"column":61}},"type":"binary-expr","locations":[{"start":{"line":53,"column":32},"end":{"line":53,"column":44}},{"start":{"line":53,"column":48},"end":{"line":53,"column":61}}],"line":53},"2":{"loc":{"start":{"line":56,"column":4},"end":{"line":60,"column":18}},"type":"binary-expr","locations":[{"start":{"line":56,"column":4},"end":{"line":56,"column":15}},{"start":{"line":57,"column":4},"end":{"line":57,"column":16}},{"start":{"line":58,"column":4},"end":{"line":58,"column":19}},{"start":{"line":59,"column":4},"end":{"line":59,"column":19}},{"start":{"line":60,"column":4},"end":{"line":60,"column":18}}],"line":56},"3":{"loc":{"start":{"line":62,"column":4},"end":{"line":66,"column":18}},"type":"binary-expr","locations":[{"start":{"line":62,"column":4},"end":{"line":62,"column":15}},{"start":{"line":63,"column":4},"end":{"line":63,"column":16}},{"start":{"line":64,"column":4},"end":{"line":64,"column":19}},{"start":{"line":65,"column":4},"end":{"line":65,"column":19}},{"start":{"line":66,"column":4},"end":{"line":66,"column":18}}],"line":62},"4":{"loc":{"start":{"line":68,"column":4},"end":{"line":72,"column":18}},"type":"binary-expr","locations":[{"start":{"line":68,"column":4},"end":{"line":68,"column":15}},{"start":{"line":69,"column":4},"end":{"line":69,"column":15}},{"start":{"line":70,"column":4},"end":{"line":70,"column":16}},{"start":{"line":71,"column":4},"end":{"line":71,"column":19}},{"start":{"line":72,"column":4},"end":{"line":72,"column":18}}],"line":68},"5":{"loc":{"start":{"line":74,"column":4},"end":{"line":78,"column":18}},"type":"binary-expr","locations":[{"start":{"line":74,"column":4},"end":{"line":74,"column":15}},{"start":{"line":75,"column":4},"end":{"line":75,"column":15}},{"start":{"line":76,"column":4},"end":{"line":76,"column":16}},{"start":{"line":77,"column":4},"end":{"line":77,"column":19}},{"start":{"line":78,"column":4},"end":{"line":78,"column":18}}],"line":74},"6":{"loc":{"start":{"line":80,"column":4},"end":{"line":80,"column":67}},"type":"binary-expr","locations":[{"start":{"line":80,"column":4},"end":{"line":80,"column":15}},{"start":{"line":80,"column":19},"end":{"line":80,"column":30}},{"start":{"line":80,"column":34},"end":{"line":80,"column":49}},{"start":{"line":80,"column":53},"end":{"line":80,"column":67}}],"line":80},"7":{"loc":{"start":{"line":82,"column":4},"end":{"line":82,"column":65}},"type":"binary-expr","locations":[{"start":{"line":82,"column":4},"end":{"line":82,"column":15}},{"start":{"line":82,"column":19},"end":{"line":82,"column":30}},{"start":{"line":82,"column":34},"end":{"line":82,"column":46}},{"start":{"line":82,"column":50},"end":{"line":82,"column":65}}],"line":82},"8":{"loc":{"start":{"line":85,"column":4},"end":{"line":87,"column":39}},"type":"cond-expr","locations":[{"start":{"line":86,"column":8},"end":{"line":86,"column":40}},{"start":{"line":87,"column":8},"end":{"line":87,"column":39}}],"line":85},"9":{"loc":{"start":{"line":85,"column":4},"end":{"line":85,"column":65}},"type":"binary-expr","locations":[{"start":{"line":85,"column":4},"end":{"line":85,"column":14}},{"start":{"line":85,"column":18},"end":{"line":85,"column":28}},{"start":{"line":85,"column":32},"end":{"line":85,"column":65}}],"line":85},"10":{"loc":{"start":{"line":89,"column":4},"end":{"line":92,"column":42}},"type":"cond-expr","locations":[{"start":{"line":91,"column":8},"end":{"line":91,"column":43}},{"start":{"line":92,"column":8},"end":{"line":92,"column":42}}],"line":89},"11":{"loc":{"start":{"line":89,"column":4},"end":{"line":90,"column":48}},"type":"binary-expr","locations":[{"start":{"line":89,"column":5},"end":{"line":89,"column":15}},{"start":{"line":89,"column":19},"end":{"line":89,"column":52}},{"start":{"line":90,"column":5},"end":{"line":90,"column":15}},{"start":{"line":90,"column":19},"end":{"line":90,"column":47}}],"line":89},"12":{"loc":{"start":{"line":94,"column":4},"end":{"line":96,"column":33}},"type":"cond-expr","locations":[{"start":{"line":95,"column":8},"end":{"line":95,"column":32}},{"start":{"line":96,"column":8},"end":{"line":96,"column":33}}],"line":94},"13":{"loc":{"start":{"line":94,"column":4},"end":{"line":94,"column":50}},"type":"binary-expr","locations":[{"start":{"line":94,"column":4},"end":{"line":94,"column":35}},{"start":{"line":94,"column":39},"end":{"line":94,"column":50}}],"line":94},"14":{"loc":{"start":{"line":108,"column":4},"end":{"line":110,"column":5}},"type":"if","locations":[{"start":{"line":108,"column":4},"end":{"line":110,"column":5}},{"start":{},"end":{}}],"line":108},"15":{"loc":{"start":{"line":108,"column":8},"end":{"line":108,"column":44}},"type":"binary-expr","locations":[{"start":{"line":108,"column":8},"end":{"line":108,"column":19}},{"start":{"line":108,"column":23},"end":{"line":108,"column":44}}],"line":108},"16":{"loc":{"start":{"line":111,"column":4},"end":{"line":113,"column":5}},"type":"if","locations":[{"start":{"line":111,"column":4},"end":{"line":113,"column":5}},{"start":{},"end":{}}],"line":111},"17":{"loc":{"start":{"line":111,"column":8},"end":{"line":111,"column":35}},"type":"binary-expr","locations":[{"start":{"line":111,"column":8},"end":{"line":111,"column":19}},{"start":{"line":111,"column":23},"end":{"line":111,"column":35}}],"line":111},"18":{"loc":{"start":{"line":117,"column":4},"end":{"line":119,"column":5}},"type":"if","locations":[{"start":{"line":117,"column":4},"end":{"line":119,"column":5}},{"start":{},"end":{}}],"line":117},"19":{"loc":{"start":{"line":117,"column":8},"end":{"line":117,"column":57}},"type":"binary-expr","locations":[{"start":{"line":117,"column":8},"end":{"line":117,"column":32}},{"start":{"line":117,"column":36},"end":{"line":117,"column":57}}],"line":117},"20":{"loc":{"start":{"line":120,"column":4},"end":{"line":122,"column":5}},"type":"if","locations":[{"start":{"line":120,"column":4},"end":{"line":122,"column":5}},{"start":{},"end":{}}],"line":120},"21":{"loc":{"start":{"line":123,"column":4},"end":{"line":125,"column":5}},"type":"if","locations":[{"start":{"line":123,"column":4},"end":{"line":125,"column":5}},{"start":{},"end":{}}],"line":123},"22":{"loc":{"start":{"line":123,"column":8},"end":{"line":123,"column":50}},"type":"binary-expr","locations":[{"start":{"line":123,"column":8},"end":{"line":123,"column":22}},{"start":{"line":123,"column":26},"end":{"line":123,"column":50}}],"line":123},"23":{"loc":{"start":{"line":130,"column":4},"end":{"line":132,"column":5}},"type":"if","locations":[{"start":{"line":130,"column":4},"end":{"line":132,"column":5}},{"start":{},"end":{}}],"line":130},"24":{"loc":{"start":{"line":133,"column":4},"end":{"line":150,"column":5}},"type":"if","locations":[{"start":{"line":133,"column":4},"end":{"line":150,"column":5}},{"start":{},"end":{}}],"line":133},"25":{"loc":{"start":{"line":156,"column":4},"end":{"line":158,"column":5}},"type":"if","locations":[{"start":{"line":156,"column":4},"end":{"line":158,"column":5}},{"start":{},"end":{}}],"line":156},"26":{"loc":{"start":{"line":159,"column":4},"end":{"line":176,"column":5}},"type":"if","locations":[{"start":{"line":159,"column":4},"end":{"line":176,"column":5}},{"start":{},"end":{}}],"line":159},"27":{"loc":{"start":{"line":182,"column":4},"end":{"line":201,"column":5}},"type":"if","locations":[{"start":{"line":182,"column":4},"end":{"line":201,"column":5}},{"start":{},"end":{}}],"line":182},"28":{"loc":{"start":{"line":206,"column":4},"end":{"line":225,"column":5}},"type":"if","locations":[{"start":{"line":206,"column":4},"end":{"line":225,"column":5}},{"start":{},"end":{}}],"line":206},"29":{"loc":{"start":{"line":230,"column":4},"end":{"line":232,"column":5}},"type":"if","locations":[{"start":{"line":230,"column":4},"end":{"line":232,"column":5}},{"start":{},"end":{}}],"line":230},"30":{"loc":{"start":{"line":233,"column":4},"end":{"line":261,"column":5}},"type":"if","locations":[{"start":{"line":233,"column":4},"end":{"line":261,"column":5}},{"start":{},"end":{}}],"line":233},"31":{"loc":{"start":{"line":243,"column":8},"end":{"line":246,"column":9}},"type":"if","locations":[{"start":{"line":243,"column":8},"end":{"line":246,"column":9}},{"start":{},"end":{}}],"line":243},"32":{"loc":{"start":{"line":268,"column":4},"end":{"line":297,"column":5}},"type":"if","locations":[{"start":{"line":268,"column":4},"end":{"line":297,"column":5}},{"start":{},"end":{}}],"line":268},"33":{"loc":{"start":{"line":319,"column":20},"end":{"line":319,"column":60}},"type":"binary-expr","locations":[{"start":{"line":319,"column":20},"end":{"line":319,"column":27}},{"start":{"line":319,"column":31},"end":{"line":319,"column":60}}],"line":319},"34":{"loc":{"start":{"line":327,"column":20},"end":{"line":327,"column":60}},"type":"binary-expr","locations":[{"start":{"line":327,"column":20},"end":{"line":327,"column":27}},{"start":{"line":327,"column":31},"end":{"line":327,"column":60}}],"line":327},"35":{"loc":{"start":{"line":335,"column":20},"end":{"line":335,"column":71}},"type":"binary-expr","locations":[{"start":{"line":335,"column":20},"end":{"line":335,"column":35}},{"start":{"line":335,"column":39},"end":{"line":335,"column":71}}],"line":335},"36":{"loc":{"start":{"line":343,"column":20},"end":{"line":343,"column":71}},"type":"binary-expr","locations":[{"start":{"line":343,"column":20},"end":{"line":343,"column":35}},{"start":{"line":343,"column":39},"end":{"line":343,"column":71}}],"line":343},"37":{"loc":{"start":{"line":362,"column":20},"end":{"line":362,"column":68}},"type":"binary-expr","locations":[{"start":{"line":362,"column":20},"end":{"line":362,"column":34}},{"start":{"line":362,"column":38},"end":{"line":362,"column":68}}],"line":362},"38":{"loc":{"start":{"line":370,"column":20},"end":{"line":370,"column":74}},"type":"binary-expr","locations":[{"start":{"line":370,"column":20},"end":{"line":370,"column":37}},{"start":{"line":370,"column":41},"end":{"line":370,"column":74}}],"line":370},"39":{"loc":{"start":{"line":375,"column":9},"end":{"line":426,"column":12}},"type":"binary-expr","locations":[{"start":{"line":375,"column":9},"end":{"line":375,"column":12}},{"start":{"line":376,"column":10},"end":{"line":426,"column":12}}],"line":375},"40":{"loc":{"start":{"line":382,"column":15},"end":{"line":395,"column":17}},"type":"binary-expr","locations":[{"start":{"line":382,"column":15},"end":{"line":382,"column":31}},{"start":{"line":383,"column":17},"end":{"line":383,"column":37}},{"start":{"line":384,"column":18},"end":{"line":384,"column":38}},{"start":{"line":385,"column":18},"end":{"line":385,"column":39}},{"start":{"line":386,"column":16},"end":{"line":386,"column":43}},{"start":{"line":387,"column":18},"end":{"line":394,"column":24}}],"line":382},"41":{"loc":{"start":{"line":396,"column":15},"end":{"line":409,"column":17}},"type":"binary-expr","locations":[{"start":{"line":396,"column":15},"end":{"line":396,"column":31}},{"start":{"line":397,"column":17},"end":{"line":397,"column":41}},{"start":{"line":398,"column":18},"end":{"line":398,"column":42}},{"start":{"line":399,"column":18},"end":{"line":399,"column":41}},{"start":{"line":400,"column":16},"end":{"line":400,"column":43}},{"start":{"line":401,"column":18},"end":{"line":408,"column":24}}],"line":396},"42":{"loc":{"start":{"line":420,"column":15},"end":{"line":424,"column":15}},"type":"binary-expr","locations":[{"start":{"line":420,"column":15},"end":{"line":420,"column":39}},{"start":{"line":421,"column":16},"end":{"line":423,"column":22}}],"line":420}},"s":{"0":1,"1":0,"2":0,"3":0,"4":0,"5":0,"6":0,"7":0,"8":0,"9":0,"10":0,"11":0,"12":0,"13":0,"14":0,"15":0,"16":0,"17":0,"18":0,"19":0,"20":0,"21":0,"22":0,"23":0,"24":0,"25":0,"26":0,"27":0,"28":0,"29":0,"30":0,"31":0,"32":0,"33":0,"34":0,"35":0,"36":0,"37":0,"38":0,"39":0,"40":0,"41":0,"42":0,"43":0,"44":0,"45":0,"46":0,"47":0,"48":0,"49":0,"50":0,"51":0,"52":0,"53":0,"54":0,"55":0,"56":0,"57":0,"58":0,"59":0,"60":0,"61":0,"62":0,"63":0,"64":0,"65":0,"66":0,"67":0,"68":0,"69":0,"70":0,"71":0,"72":0,"73":0,"74":0,"75":0,"76":0,"77":0,"78":0,"79":0,"80":0,"81":0,"82":0,"83":0,"84":0,"85":0,"86":0,"87":0,"88":0,"89":0,"90":0,"91":0,"92":0,"93":0,"94":0,"95":0,"96":0,"97":0,"98":0,"99":0,"100":0,"101":0,"102":0,"103":0,"104":0,"105":0,"106":0,"107":0,"108":0,"109":0,"110":0,"111":0,"112":0,"113":0,"114":0,"115":0,"116":0,"117":0,"118":0,"119":0,"120":0,"121":0,"122":0,"123":0,"124":0,"125":0,"126":0,"127":0,"128":0,"129":0,"130":0,"131":0,"132":0,"133":0,"134":0,"135":0,"136":0,"137":0,"138":0,"139":0,"140":0,"141":0,"142":0,"143":0,"144":0,"145":0,"146":0,"147":0,"148":0,"149":0,"150":0,"151":0,"152":0,"153":0,"154":0,"155":0,"156":0,"157":0,"158":0,"159":0,"160":0,"161":0,"162":0,"163":0,"164":0,"165":0,"166":0,"167":0,"168":0,"169":0,"170":0,"171":0,"172":0},"f":{"0":0,"1":0,"2":0,"3":0,"4":0,"5":0,"6":0,"7":0,"8":0,"9":0,"10":0,"11":0,"12":0,"13":0,"14":0,"15":0,"16":0,"17":0,"18":0,"19":0,"20":0,"21":0,"22":0,"23":0,"24":0,"25":0},"b":{"0":[0,0],"1":[0,0],"2":[0,0,0,0,0],"3":[0,0,0,0,0],"4":[0,0,0,0,0],"5":[0,0,0,0,0],"6":[0,0,0,0],"7":[0,0,0,0],"8":[0,0],"9":[0,0,0],"10":[0,0],"11":[0,0,0,0],"12":[0,0],"13":[0,0],"14":[0,0],"15":[0,0],"16":[0,0],"17":[0,0],"18":[0,0],"19":[0,0],"20":[0,0],"21":[0,0],"22":[0,0],"23":[0,0],"24":[0,0],"25":[0,0],"26":[0,0],"27":[0,0],"28":[0,0],"29":[0,0],"30":[0,0],"31":[0,0],"32":[0,0],"33":[0,0],"34":[0,0],"35":[0,0],"36":[0,0],"37":[0,0],"38":[0,0],"39":[0,0],"40":[0,0,0,0,0,0],"41":[0,0,0,0,0,0],"42":[0,0]},"_coverageSchema":"1a1c01bbd47fc00a2c39e90264f33305004495a9","hash":"581257a4d541eb486a61339c4623affe53fbaff1"}
,"/Users/daryamakauchyk/Desktop/algososh/src/components/main-page/main-page.tsx": {"path":"/Users/daryamakauchyk/Desktop/algososh/src/components/main-page/main-page.tsx","statementMap":{"0":{"start":{"line":11,"column":49},"end":{"line":61,"column":1}},"1":{"start":{"line":12,"column":2},"end":{"line":60,"column":4}}},"fnMap":{"0":{"name":"(anonymous_0)","decl":{"start":{"line":11,"column":49},"end":{"line":11,"column":50}},"loc":{"start":{"line":11,"column":74},"end":{"line":61,"column":1}},"line":11}},"branchMap":{"0":{"loc":{"start":{"line":11,"column":52},"end":{"line":11,"column":67}},"type":"default-arg","locations":[{"start":{"line":11,"column":65},"end":{"line":11,"column":67}}],"line":11}},"s":{"0":1,"1":1},"f":{"0":1},"b":{"0":[1]},"_coverageSchema":"1a1c01bbd47fc00a2c39e90264f33305004495a9","hash":"ce37ecf61f8cf26cce5acaa9758d65b97792a95b"}
,"/Users/daryamakauchyk/Desktop/algososh/src/components/queue-page/queue-page-class.tsx": {"path":"/Users/daryamakauchyk/Desktop/algososh/src/components/queue-page/queue-page-class.tsx","statementMap":{"0":{"start":{"line":4,"column":36},"end":{"line":4,"column":38}},"1":{"start":{"line":5,"column":17},"end":{"line":5,"column":18}},"2":{"start":{"line":6,"column":17},"end":{"line":6,"column":18}},"3":{"start":{"line":7,"column":34},"end":{"line":7,"column":35}},"4":{"start":{"line":8,"column":27},"end":{"line":8,"column":28}},"5":{"start":{"line":11,"column":4},"end":{"line":11,"column":21}},"6":{"start":{"line":12,"column":4},"end":{"line":12,"column":33}},"7":{"start":{"line":15,"column":12},"end":{"line":27,"column":3}},"8":{"start":{"line":16,"column":4},"end":{"line":18,"column":5}},"9":{"start":{"line":17,"column":6},"end":{"line":17,"column":49}},"10":{"start":{"line":19,"column":4},"end":{"line":19,"column":49}},"11":{"start":{"line":20,"column":4},"end":{"line":20,"column":16}},"12":{"start":{"line":21,"column":4},"end":{"line":21,"column":18}},"13":{"start":{"line":23,"column":4},"end":{"line":26,"column":5}},"14":{"start":{"line":24,"column":6},"end":{"line":24,"column":28}},"15":{"start":{"line":25,"column":6},"end":{"line":25,"column":51}},"16":{"start":{"line":29,"column":12},"end":{"line":36,"column":3}},"17":{"start":{"line":30,"column":4},"end":{"line":32,"column":5}},"18":{"start":{"line":31,"column":6},"end":{"line":31,"column":50}},"19":{"start":{"line":33,"column":4},"end":{"line":33,"column":49}},"20":{"start":{"line":34,"column":4},"end":{"line":34,"column":16}},"21":{"start":{"line":35,"column":4},"end":{"line":35,"column":18}},"22":{"start":{"line":38,"column":12},"end":{"line":38,"column":35}},"23":{"start":{"line":38,"column":18},"end":{"line":38,"column":35}},"24":{"start":{"line":40,"column":11},"end":{"line":40,"column":34}},"25":{"start":{"line":40,"column":17},"end":{"line":40,"column":34}},"26":{"start":{"line":42,"column":9},"end":{"line":47,"column":3}},"27":{"start":{"line":43,"column":4},"end":{"line":45,"column":5}},"28":{"start":{"line":44,"column":6},"end":{"line":44,"column":50}},"29":{"start":{"line":46,"column":4},"end":{"line":46,"column":49}},"30":{"start":{"line":49,"column":10},"end":{"line":54,"column":3}},"31":{"start":{"line":50,"column":4},"end":{"line":50,"column":18}},"32":{"start":{"line":51,"column":4},"end":{"line":51,"column":18}},"33":{"start":{"line":52,"column":4},"end":{"line":52,"column":24}},"34":{"start":{"line":53,"column":4},"end":{"line":53,"column":20}},"35":{"start":{"line":56,"column":12},"end":{"line":58,"column":3}},"36":{"start":{"line":57,"column":4},"end":{"line":57,"column":21}},"37":{"start":{"line":60,"column":12},"end":{"line":62,"column":3}},"38":{"start":{"line":61,"column":4},"end":{"line":61,"column":21}}},"fnMap":{"0":{"name":"(anonymous_0)","decl":{"start":{"line":10,"column":2},"end":{"line":10,"column":3}},"loc":{"start":{"line":10,"column":28},"end":{"line":13,"column":3}},"line":10},"1":{"name":"(anonymous_1)","decl":{"start":{"line":15,"column":12},"end":{"line":15,"column":13}},"loc":{"start":{"line":15,"column":25},"end":{"line":27,"column":3}},"line":15},"2":{"name":"(anonymous_2)","decl":{"start":{"line":29,"column":12},"end":{"line":29,"column":13}},"loc":{"start":{"line":29,"column":18},"end":{"line":36,"column":3}},"line":29},"3":{"name":"(anonymous_3)","decl":{"start":{"line":38,"column":12},"end":{"line":38,"column":13}},"loc":{"start":{"line":38,"column":18},"end":{"line":38,"column":35}},"line":38},"4":{"name":"(anonymous_4)","decl":{"start":{"line":40,"column":11},"end":{"line":40,"column":12}},"loc":{"start":{"line":40,"column":17},"end":{"line":40,"column":34}},"line":40},"5":{"name":"(anonymous_5)","decl":{"start":{"line":42,"column":9},"end":{"line":42,"column":10}},"loc":{"start":{"line":42,"column":25},"end":{"line":47,"column":3}},"line":42},"6":{"name":"(anonymous_6)","decl":{"start":{"line":49,"column":10},"end":{"line":49,"column":11}},"loc":{"start":{"line":49,"column":16},"end":{"line":54,"column":3}},"line":49},"7":{"name":"(anonymous_7)","decl":{"start":{"line":56,"column":12},"end":{"line":56,"column":13}},"loc":{"start":{"line":56,"column":18},"end":{"line":58,"column":3}},"line":56},"8":{"name":"(anonymous_8)","decl":{"start":{"line":60,"column":12},"end":{"line":60,"column":13}},"loc":{"start":{"line":60,"column":18},"end":{"line":62,"column":3}},"line":60}},"branchMap":{"0":{"loc":{"start":{"line":16,"column":4},"end":{"line":18,"column":5}},"type":"if","locations":[{"start":{"line":16,"column":4},"end":{"line":18,"column":5}},{"start":{},"end":{}}],"line":16},"1":{"loc":{"start":{"line":23,"column":4},"end":{"line":26,"column":5}},"type":"if","locations":[{"start":{"line":23,"column":4},"end":{"line":26,"column":5}},{"start":{},"end":{}}],"line":23},"2":{"loc":{"start":{"line":30,"column":4},"end":{"line":32,"column":5}},"type":"if","locations":[{"start":{"line":30,"column":4},"end":{"line":32,"column":5}},{"start":{},"end":{}}],"line":30},"3":{"loc":{"start":{"line":43,"column":4},"end":{"line":45,"column":5}},"type":"if","locations":[{"start":{"line":43,"column":4},"end":{"line":45,"column":5}},{"start":{},"end":{}}],"line":43}},"s":{"0":0,"1":0,"2":0,"3":0,"4":0,"5":0,"6":0,"7":0,"8":0,"9":0,"10":0,"11":0,"12":0,"13":0,"14":0,"15":0,"16":0,"17":0,"18":0,"19":0,"20":0,"21":0,"22":0,"23":0,"24":0,"25":0,"26":0,"27":0,"28":0,"29":0,"30":0,"31":0,"32":0,"33":0,"34":0,"35":0,"36":0,"37":0,"38":0},"f":{"0":0,"1":0,"2":0,"3":0,"4":0,"5":0,"6":0,"7":0,"8":0},"b":{"0":[0,0],"1":[0,0],"2":[0,0],"3":[0,0]},"_coverageSchema":"1a1c01bbd47fc00a2c39e90264f33305004495a9","hash":"f5609fe48cfa66a0cfda84a20d32936b3836e42f"}
,"/Users/daryamakauchyk/Desktop/algososh/src/components/queue-page/queue-page.tsx": {"path":"/Users/daryamakauchyk/Desktop/algososh/src/components/queue-page/queue-page.tsx","statementMap":{"0":{"start":{"line":17,"column":35},"end":{"line":165,"column":1}},"1":{"start":{"line":18,"column":23},"end":{"line":21,"column":5}},"2":{"start":{"line":18,"column":71},"end":{"line":21,"column":3}},"3":{"start":{"line":22,"column":24},"end":{"line":22,"column":60}},"4":{"start":{"line":23,"column":28},"end":{"line":23,"column":77}},"5":{"start":{"line":24,"column":38},"end":{"line":24,"column":50}},"6":{"start":{"line":25,"column":40},"end":{"line":25,"column":55}},"7":{"start":{"line":26,"column":42},"end":{"line":26,"column":57}},"8":{"start":{"line":27,"column":50},"end":{"line":27,"column":65}},"9":{"start":{"line":28,"column":42},"end":{"line":28,"column":57}},"10":{"start":{"line":29,"column":30},"end":{"line":29,"column":45}},"11":{"start":{"line":31,"column":19},"end":{"line":33,"column":3}},"12":{"start":{"line":32,"column":4},"end":{"line":32,"column":34}},"13":{"start":{"line":35,"column":26},"end":{"line":61,"column":3}},"14":{"start":{"line":36,"column":4},"end":{"line":58,"column":5}},"15":{"start":{"line":37,"column":6},"end":{"line":37,"column":22}},"16":{"start":{"line":38,"column":6},"end":{"line":38,"column":28}},"17":{"start":{"line":39,"column":6},"end":{"line":39,"column":24}},"18":{"start":{"line":40,"column":6},"end":{"line":40,"column":73}},"19":{"start":{"line":41,"column":6},"end":{"line":41,"column":22}},"20":{"start":{"line":43,"column":6},"end":{"line":43,"column":78}},"21":{"start":{"line":44,"column":6},"end":{"line":44,"column":23}},"22":{"start":{"line":46,"column":6},"end":{"line":46,"column":31}},"23":{"start":{"line":47,"column":6},"end":{"line":50,"column":8}},"24":{"start":{"line":51,"column":6},"end":{"line":51,"column":23}},"25":{"start":{"line":53,"column":6},"end":{"line":56,"column":8}},"26":{"start":{"line":57,"column":6},"end":{"line":57,"column":23}},"27":{"start":{"line":59,"column":4},"end":{"line":59,"column":21}},"28":{"start":{"line":60,"column":4},"end":{"line":60,"column":27}},"29":{"start":{"line":63,"column":29},"end":{"line":96,"column":3}},"30":{"start":{"line":64,"column":4},"end":{"line":64,"column":29}},"31":{"start":{"line":65,"column":4},"end":{"line":65,"column":20}},"32":{"start":{"line":66,"column":4},"end":{"line":66,"column":30}},"33":{"start":{"line":67,"column":4},"end":{"line":67,"column":20}},"34":{"start":{"line":68,"column":4},"end":{"line":68,"column":20}},"35":{"start":{"line":70,"column":4},"end":{"line":73,"column":6}},"36":{"start":{"line":74,"column":4},"end":{"line":74,"column":21}},"37":{"start":{"line":76,"column":4},"end":{"line":76,"column":29}},"38":{"start":{"line":77,"column":4},"end":{"line":77,"column":75}},"39":{"start":{"line":78,"column":4},"end":{"line":78,"column":21}},"40":{"start":{"line":80,"column":4},"end":{"line":91,"column":5}},"41":{"start":{"line":85,"column":6},"end":{"line":89,"column":8}},"42":{"start":{"line":90,"column":6},"end":{"line":90,"column":23}},"43":{"start":{"line":93,"column":4},"end":{"line":93,"column":30}},"44":{"start":{"line":94,"column":4},"end":{"line":94,"column":21}},"45":{"start":{"line":95,"column":4},"end":{"line":95,"column":31}},"46":{"start":{"line":98,"column":27},"end":{"line":104,"column":3}},"47":{"start":{"line":99,"column":4},"end":{"line":99,"column":26}},"48":{"start":{"line":100,"column":4},"end":{"line":100,"column":18}},"49":{"start":{"line":101,"column":4},"end":{"line":101,"column":20}},"50":{"start":{"line":102,"column":4},"end":{"line":102,"column":25}},"51":{"start":{"line":103,"column":4},"end":{"line":103,"column":27}},"52":{"start":{"line":106,"column":2},"end":{"line":164,"column":4}},"53":{"start":{"line":143,"column":12},"end":{"line":160,"column":17}}},"fnMap":{"0":{"name":"(anonymous_0)","decl":{"start":{"line":17,"column":35},"end":{"line":17,"column":36}},"loc":{"start":{"line":17,"column":41},"end":{"line":165,"column":1}},"line":17},"1":{"name":"(anonymous_1)","decl":{"start":{"line":18,"column":64},"end":{"line":18,"column":65}},"loc":{"start":{"line":18,"column":71},"end":{"line":21,"column":3}},"line":18},"2":{"name":"(anonymous_2)","decl":{"start":{"line":31,"column":19},"end":{"line":31,"column":20}},"loc":{"start":{"line":31,"column":57},"end":{"line":33,"column":3}},"line":31},"3":{"name":"(anonymous_3)","decl":{"start":{"line":35,"column":26},"end":{"line":35,"column":27}},"loc":{"start":{"line":35,"column":38},"end":{"line":61,"column":3}},"line":35},"4":{"name":"(anonymous_4)","decl":{"start":{"line":63,"column":29},"end":{"line":63,"column":30}},"loc":{"start":{"line":63,"column":41},"end":{"line":96,"column":3}},"line":63},"5":{"name":"(anonymous_5)","decl":{"start":{"line":98,"column":27},"end":{"line":98,"column":28}},"loc":{"start":{"line":98,"column":33},"end":{"line":104,"column":3}},"line":98},"6":{"name":"(anonymous_6)","decl":{"start":{"line":142,"column":45},"end":{"line":142,"column":46}},"loc":{"start":{"line":143,"column":12},"end":{"line":160,"column":17}},"line":143}},"branchMap":{"0":{"loc":{"start":{"line":36,"column":4},"end":{"line":58,"column":5}},"type":"if","locations":[{"start":{"line":36,"column":4},"end":{"line":58,"column":5}},{"start":{},"end":{}}],"line":36},"1":{"loc":{"start":{"line":36,"column":8},"end":{"line":36,"column":37}},"type":"binary-expr","locations":[{"start":{"line":36,"column":8},"end":{"line":36,"column":18}},{"start":{"line":36,"column":22},"end":{"line":36,"column":37}}],"line":36},"2":{"loc":{"start":{"line":80,"column":4},"end":{"line":91,"column":5}},"type":"if","locations":[{"start":{"line":80,"column":4},"end":{"line":91,"column":5}},{"start":{},"end":{}}],"line":80},"3":{"loc":{"start":{"line":81,"column":6},"end":{"line":83,"column":21}},"type":"binary-expr","locations":[{"start":{"line":81,"column":6},"end":{"line":81,"column":42}},{"start":{"line":82,"column":6},"end":{"line":82,"column":42}},{"start":{"line":83,"column":6},"end":{"line":83,"column":21}}],"line":81},"4":{"loc":{"start":{"line":120,"column":20},"end":{"line":120,"column":75}},"type":"binary-expr","locations":[{"start":{"line":120,"column":20},"end":{"line":120,"column":37}},{"start":{"line":120,"column":41},"end":{"line":120,"column":55}},{"start":{"line":120,"column":59},"end":{"line":120,"column":75}}],"line":120},"5":{"loc":{"start":{"line":127,"column":20},"end":{"line":127,"column":66}},"type":"binary-expr","locations":[{"start":{"line":127,"column":20},"end":{"line":127,"column":31}},{"start":{"line":127,"column":35},"end":{"line":127,"column":50}},{"start":{"line":127,"column":54},"end":{"line":127,"column":66}}],"line":127},"6":{"loc":{"start":{"line":135,"column":12},"end":{"line":135,"column":78}},"type":"binary-expr","locations":[{"start":{"line":135,"column":12},"end":{"line":135,"column":23}},{"start":{"line":135,"column":27},"end":{"line":135,"column":42}},{"start":{"line":135,"column":46},"end":{"line":135,"column":58}},{"start":{"line":135,"column":62},"end":{"line":135,"column":78}}],"line":135},"7":{"loc":{"start":{"line":141,"column":9},"end":{"line":161,"column":12}},"type":"binary-expr","locations":[{"start":{"line":141,"column":9},"end":{"line":141,"column":12}},{"start":{"line":142,"column":10},"end":{"line":161,"column":12}}],"line":141},"8":{"loc":{"start":{"line":150,"column":18},"end":{"line":152,"column":24}},"type":"cond-expr","locations":[{"start":{"line":151,"column":22},"end":{"line":151,"column":28}},{"start":{"line":152,"column":22},"end":{"line":152,"column":24}}],"line":150},"9":{"loc":{"start":{"line":150,"column":18},"end":{"line":150,"column":78}},"type":"binary-expr","locations":[{"start":{"line":150,"column":19},"end":{"line":150,"column":44}},{"start":{"line":150,"column":48},"end":{"line":150,"column":64}},{"start":{"line":150,"column":69},"end":{"line":150,"column":78}}],"line":150},"10":{"loc":{"start":{"line":155,"column":18},"end":{"line":157,"column":24}},"type":"cond-expr","locations":[{"start":{"line":156,"column":22},"end":{"line":156,"column":28}},{"start":{"line":157,"column":22},"end":{"line":157,"column":24}}],"line":155},"11":{"loc":{"start":{"line":155,"column":18},"end":{"line":155,"column":67}},"type":"binary-expr","locations":[{"start":{"line":155,"column":18},"end":{"line":155,"column":47}},{"start":{"line":155,"column":51},"end":{"line":155,"column":67}}],"line":155}},"s":{"0":1,"1":0,"2":0,"3":0,"4":0,"5":0,"6":0,"7":0,"8":0,"9":0,"10":0,"11":0,"12":0,"13":0,"14":0,"15":0,"16":0,"17":0,"18":0,"19":0,"20":0,"21":0,"22":0,"23":0,"24":0,"25":0,"26":0,"27":0,"28":0,"29":0,"30":0,"31":0,"32":0,"33":0,"34":0,"35":0,"36":0,"37":0,"38":0,"39":0,"40":0,"41":0,"42":0,"43":0,"44":0,"45":0,"46":0,"47":0,"48":0,"49":0,"50":0,"51":0,"52":0,"53":0},"f":{"0":0,"1":0,"2":0,"3":0,"4":0,"5":0,"6":0},"b":{"0":[0,0],"1":[0,0],"2":[0,0],"3":[0,0,0],"4":[0,0,0],"5":[0,0,0],"6":[0,0,0,0],"7":[0,0],"8":[0,0],"9":[0,0,0],"10":[0,0],"11":[0,0]},"_coverageSchema":"1a1c01bbd47fc00a2c39e90264f33305004495a9","hash":"d10971893a80f5668c35e7c664518641fcf251b7"}
,"/Users/daryamakauchyk/Desktop/algososh/src/components/sorting-page/sorting-page.tsx": {"path":"/Users/daryamakauchyk/Desktop/algososh/src/components/sorting-page/sorting-page.tsx","statementMap":{"0":{"start":{"line":14,"column":35},"end":{"line":42,"column":1}},"1":{"start":{"line":19,"column":2},"end":{"line":19,"column":18}},"2":{"start":{"line":20,"column":2},"end":{"line":37,"column":3}},"3":{"start":{"line":20,"column":15},"end":{"line":20,"column":16}},"4":{"start":{"line":21,"column":17},"end":{"line":21,"column":18}},"5":{"start":{"line":22,"column":4},"end":{"line":33,"column":5}},"6":{"start":{"line":22,"column":17},"end":{"line":22,"column":22}},"7":{"start":{"line":23,"column":6},"end":{"line":23,"column":44}},"8":{"start":{"line":24,"column":6},"end":{"line":24,"column":44}},"9":{"start":{"line":25,"column":6},"end":{"line":25,"column":23}},"10":{"start":{"line":27,"column":6},"end":{"line":27,"column":31}},"11":{"start":{"line":28,"column":6},"end":{"line":30,"column":7}},"12":{"start":{"line":29,"column":8},"end":{"line":29,"column":19}},"13":{"start":{"line":31,"column":6},"end":{"line":31,"column":43}},"14":{"start":{"line":32,"column":6},"end":{"line":32,"column":23}},"15":{"start":{"line":35,"column":4},"end":{"line":35,"column":74}},"16":{"start":{"line":36,"column":4},"end":{"line":36,"column":42}},"17":{"start":{"line":38,"column":2},"end":{"line":40,"column":18}},"18":{"start":{"line":41,"column":2},"end":{"line":41,"column":19}},"19":{"start":{"line":44,"column":36},"end":{"line":72,"column":1}},"20":{"start":{"line":49,"column":2},"end":{"line":49,"column":18}},"21":{"start":{"line":50,"column":2},"end":{"line":67,"column":3}},"22":{"start":{"line":50,"column":15},"end":{"line":50,"column":16}},"23":{"start":{"line":51,"column":17},"end":{"line":51,"column":18}},"24":{"start":{"line":52,"column":4},"end":{"line":63,"column":5}},"25":{"start":{"line":52,"column":17},"end":{"line":52,"column":22}},"26":{"start":{"line":53,"column":6},"end":{"line":53,"column":44}},"27":{"start":{"line":54,"column":6},"end":{"line":54,"column":44}},"28":{"start":{"line":55,"column":6},"end":{"line":55,"column":23}},"29":{"start":{"line":57,"column":6},"end":{"line":57,"column":31}},"30":{"start":{"line":58,"column":6},"end":{"line":60,"column":7}},"31":{"start":{"line":59,"column":8},"end":{"line":59,"column":19}},"32":{"start":{"line":61,"column":6},"end":{"line":61,"column":43}},"33":{"start":{"line":62,"column":6},"end":{"line":62,"column":23}},"34":{"start":{"line":65,"column":4},"end":{"line":65,"column":74}},"35":{"start":{"line":66,"column":4},"end":{"line":66,"column":42}},"36":{"start":{"line":68,"column":2},"end":{"line":70,"column":18}},"37":{"start":{"line":71,"column":2},"end":{"line":71,"column":19}},"38":{"start":{"line":74,"column":35},"end":{"line":95,"column":1}},"39":{"start":{"line":79,"column":2},"end":{"line":79,"column":18}},"40":{"start":{"line":80,"column":2},"end":{"line":93,"column":3}},"41":{"start":{"line":80,"column":15},"end":{"line":80,"column":16}},"42":{"start":{"line":81,"column":4},"end":{"line":91,"column":5}},"43":{"start":{"line":81,"column":17},"end":{"line":81,"column":18}},"44":{"start":{"line":82,"column":6},"end":{"line":82,"column":44}},"45":{"start":{"line":83,"column":6},"end":{"line":83,"column":48}},"46":{"start":{"line":84,"column":6},"end":{"line":84,"column":23}},"47":{"start":{"line":86,"column":6},"end":{"line":86,"column":31}},"48":{"start":{"line":87,"column":6},"end":{"line":89,"column":7}},"49":{"start":{"line":88,"column":8},"end":{"line":88,"column":76}},"50":{"start":{"line":90,"column":6},"end":{"line":90,"column":43}},"51":{"start":{"line":92,"column":4},"end":{"line":92,"column":59}},"52":{"start":{"line":94,"column":2},"end":{"line":94,"column":19}},"53":{"start":{"line":97,"column":36},"end":{"line":118,"column":1}},"54":{"start":{"line":102,"column":2},"end":{"line":102,"column":18}},"55":{"start":{"line":103,"column":2},"end":{"line":116,"column":3}},"56":{"start":{"line":103,"column":15},"end":{"line":103,"column":16}},"57":{"start":{"line":104,"column":4},"end":{"line":114,"column":5}},"58":{"start":{"line":104,"column":17},"end":{"line":104,"column":18}},"59":{"start":{"line":105,"column":6},"end":{"line":105,"column":44}},"60":{"start":{"line":106,"column":6},"end":{"line":106,"column":48}},"61":{"start":{"line":107,"column":6},"end":{"line":107,"column":23}},"62":{"start":{"line":109,"column":6},"end":{"line":109,"column":31}},"63":{"start":{"line":110,"column":6},"end":{"line":112,"column":7}},"64":{"start":{"line":111,"column":8},"end":{"line":111,"column":76}},"65":{"start":{"line":113,"column":6},"end":{"line":113,"column":43}},"66":{"start":{"line":115,"column":4},"end":{"line":115,"column":59}},"67":{"start":{"line":117,"column":2},"end":{"line":117,"column":19}},"68":{"start":{"line":120,"column":37},"end":{"line":218,"column":1}},"69":{"start":{"line":121,"column":24},"end":{"line":121,"column":46}},"70":{"start":{"line":122,"column":34},"end":{"line":122,"column":51}},"71":{"start":{"line":123,"column":36},"end":{"line":123,"column":57}},"72":{"start":{"line":124,"column":30},"end":{"line":124,"column":45}},"73":{"start":{"line":126,"column":20},"end":{"line":128,"column":3}},"74":{"start":{"line":127,"column":4},"end":{"line":127,"column":29}},"75":{"start":{"line":130,"column":25},"end":{"line":132,"column":3}},"76":{"start":{"line":131,"column":4},"end":{"line":131,"column":36}},"77":{"start":{"line":134,"column":21},"end":{"line":139,"column":3}},"78":{"start":{"line":135,"column":4},"end":{"line":137,"column":5}},"79":{"start":{"line":136,"column":6},"end":{"line":136,"column":18}},"80":{"start":{"line":138,"column":4},"end":{"line":138,"column":17}},"81":{"start":{"line":141,"column":22},"end":{"line":146,"column":3}},"82":{"start":{"line":142,"column":4},"end":{"line":144,"column":5}},"83":{"start":{"line":143,"column":6},"end":{"line":143,"column":18}},"84":{"start":{"line":145,"column":4},"end":{"line":145,"column":17}},"85":{"start":{"line":148,"column":22},"end":{"line":163,"column":3}},"86":{"start":{"line":149,"column":4},"end":{"line":149,"column":28}},"87":{"start":{"line":151,"column":4},"end":{"line":153,"column":5}},"88":{"start":{"line":152,"column":6},"end":{"line":152,"column":50}},"89":{"start":{"line":154,"column":4},"end":{"line":156,"column":5}},"90":{"start":{"line":155,"column":6},"end":{"line":155,"column":51}},"91":{"start":{"line":157,"column":4},"end":{"line":159,"column":5}},"92":{"start":{"line":158,"column":6},"end":{"line":158,"column":50}},"93":{"start":{"line":160,"column":4},"end":{"line":162,"column":5}},"94":{"start":{"line":161,"column":6},"end":{"line":161,"column":51}},"95":{"start":{"line":165,"column":2},"end":{"line":217,"column":4}},"96":{"start":{"line":189,"column":29},"end":{"line":189,"column":61}},"97":{"start":{"line":198,"column":29},"end":{"line":198,"column":62}},"98":{"start":{"line":211,"column":12},"end":{"line":213,"column":17}}},"fnMap":{"0":{"name":"(anonymous_0)","decl":{"start":{"line":14,"column":35},"end":{"line":14,"column":36}},"loc":{"start":{"line":18,"column":5},"end":{"line":42,"column":1}},"line":18},"1":{"name":"(anonymous_1)","decl":{"start":{"line":44,"column":36},"end":{"line":44,"column":37}},"loc":{"start":{"line":48,"column":5},"end":{"line":72,"column":1}},"line":48},"2":{"name":"(anonymous_2)","decl":{"start":{"line":74,"column":35},"end":{"line":74,"column":36}},"loc":{"start":{"line":78,"column":5},"end":{"line":95,"column":1}},"line":78},"3":{"name":"(anonymous_3)","decl":{"start":{"line":97,"column":36},"end":{"line":97,"column":37}},"loc":{"start":{"line":101,"column":5},"end":{"line":118,"column":1}},"line":101},"4":{"name":"(anonymous_4)","decl":{"start":{"line":120,"column":37},"end":{"line":120,"column":38}},"loc":{"start":{"line":120,"column":43},"end":{"line":218,"column":1}},"line":120},"5":{"name":"(anonymous_5)","decl":{"start":{"line":126,"column":20},"end":{"line":126,"column":21}},"loc":{"start":{"line":126,"column":26},"end":{"line":128,"column":3}},"line":126},"6":{"name":"(anonymous_6)","decl":{"start":{"line":130,"column":25},"end":{"line":130,"column":26}},"loc":{"start":{"line":130,"column":73},"end":{"line":132,"column":3}},"line":130},"7":{"name":"(anonymous_7)","decl":{"start":{"line":134,"column":21},"end":{"line":134,"column":22}},"loc":{"start":{"line":134,"column":45},"end":{"line":139,"column":3}},"line":134},"8":{"name":"(anonymous_8)","decl":{"start":{"line":141,"column":22},"end":{"line":141,"column":23}},"loc":{"start":{"line":141,"column":46},"end":{"line":146,"column":3}},"line":141},"9":{"name":"(anonymous_9)","decl":{"start":{"line":148,"column":22},"end":{"line":148,"column":23}},"loc":{"start":{"line":148,"column":48},"end":{"line":163,"column":3}},"line":148},"10":{"name":"(anonymous_10)","decl":{"start":{"line":189,"column":23},"end":{"line":189,"column":24}},"loc":{"start":{"line":189,"column":29},"end":{"line":189,"column":61}},"line":189},"11":{"name":"(anonymous_11)","decl":{"start":{"line":198,"column":23},"end":{"line":198,"column":24}},"loc":{"start":{"line":198,"column":29},"end":{"line":198,"column":62}},"line":198},"12":{"name":"(anonymous_12)","decl":{"start":{"line":210,"column":18},"end":{"line":210,"column":19}},"loc":{"start":{"line":211,"column":12},"end":{"line":213,"column":17}},"line":211}},"branchMap":{"0":{"loc":{"start":{"line":28,"column":6},"end":{"line":30,"column":7}},"type":"if","locations":[{"start":{"line":28,"column":6},"end":{"line":30,"column":7}},{"start":{},"end":{}}],"line":28},"1":{"loc":{"start":{"line":38,"column":2},"end":{"line":40,"column":17}},"type":"cond-expr","locations":[{"start":{"line":39,"column":7},"end":{"line":39,"column":57}},{"start":{"line":40,"column":7},"end":{"line":40,"column":16}}],"line":38},"2":{"loc":{"start":{"line":58,"column":6},"end":{"line":60,"column":7}},"type":"if","locations":[{"start":{"line":58,"column":6},"end":{"line":60,"column":7}},{"start":{},"end":{}}],"line":58},"3":{"loc":{"start":{"line":68,"column":2},"end":{"line":70,"column":17}},"type":"cond-expr","locations":[{"start":{"line":69,"column":7},"end":{"line":69,"column":57}},{"start":{"line":70,"column":7},"end":{"line":70,"column":16}}],"line":68},"4":{"loc":{"start":{"line":87,"column":6},"end":{"line":89,"column":7}},"type":"if","locations":[{"start":{"line":87,"column":6},"end":{"line":89,"column":7}},{"start":{},"end":{}}],"line":87},"5":{"loc":{"start":{"line":110,"column":6},"end":{"line":112,"column":7}},"type":"if","locations":[{"start":{"line":110,"column":6},"end":{"line":112,"column":7}},{"start":{},"end":{}}],"line":110},"6":{"loc":{"start":{"line":135,"column":4},"end":{"line":137,"column":5}},"type":"if","locations":[{"start":{"line":135,"column":4},"end":{"line":137,"column":5}},{"start":{},"end":{}}],"line":135},"7":{"loc":{"start":{"line":135,"column":8},"end":{"line":135,"column":48}},"type":"binary-expr","locations":[{"start":{"line":135,"column":8},"end":{"line":135,"column":29}},{"start":{"line":135,"column":33},"end":{"line":135,"column":48}}],"line":135},"8":{"loc":{"start":{"line":142,"column":4},"end":{"line":144,"column":5}},"type":"if","locations":[{"start":{"line":142,"column":4},"end":{"line":144,"column":5}},{"start":{},"end":{}}],"line":142},"9":{"loc":{"start":{"line":142,"column":8},"end":{"line":142,"column":70}},"type":"binary-expr","locations":[{"start":{"line":142,"column":9},"end":{"line":142,"column":30}},{"start":{"line":142,"column":34},"end":{"line":142,"column":49}},{"start":{"line":142,"column":54},"end":{"line":142,"column":70}}],"line":142},"10":{"loc":{"start":{"line":151,"column":4},"end":{"line":153,"column":5}},"type":"if","locations":[{"start":{"line":151,"column":4},"end":{"line":153,"column":5}},{"start":{},"end":{}}],"line":151},"11":{"loc":{"start":{"line":151,"column":8},"end":{"line":151,"column":65}},"type":"binary-expr","locations":[{"start":{"line":151,"column":8},"end":{"line":151,"column":28}},{"start":{"line":151,"column":32},"end":{"line":151,"column":65}}],"line":151},"12":{"loc":{"start":{"line":154,"column":4},"end":{"line":156,"column":5}},"type":"if","locations":[{"start":{"line":154,"column":4},"end":{"line":156,"column":5}},{"start":{},"end":{}}],"line":154},"13":{"loc":{"start":{"line":154,"column":8},"end":{"line":154,"column":66}},"type":"binary-expr","locations":[{"start":{"line":154,"column":8},"end":{"line":154,"column":28}},{"start":{"line":154,"column":32},"end":{"line":154,"column":66}}],"line":154},"14":{"loc":{"start":{"line":157,"column":4},"end":{"line":159,"column":5}},"type":"if","locations":[{"start":{"line":157,"column":4},"end":{"line":159,"column":5}},{"start":{},"end":{}}],"line":157},"15":{"loc":{"start":{"line":157,"column":8},"end":{"line":157,"column":67}},"type":"binary-expr","locations":[{"start":{"line":157,"column":8},"end":{"line":157,"column":30}},{"start":{"line":157,"column":34},"end":{"line":157,"column":67}}],"line":157},"16":{"loc":{"start":{"line":160,"column":4},"end":{"line":162,"column":5}},"type":"if","locations":[{"start":{"line":160,"column":4},"end":{"line":162,"column":5}},{"start":{},"end":{}}],"line":160},"17":{"loc":{"start":{"line":160,"column":8},"end":{
[...]
,"/Users/daryamakauchyk/Desktop/algososh/src/components/ui/button/button.tsx": {"path":"/Users/daryamakauchyk/Desktop/algososh/src/components/ui/button/button.tsx","statementMap":{"0":{"start":{"line":17,"column":45},"end":{"line":52,"column":1}},"1":{"start":{"line":28,"column":4},"end":{"line":28,"column":76}},"2":{"start":{"line":29,"column":20},"end":{"line":33,"column":18}},"3":{"start":{"line":35,"column":2},"end":{"line":51,"column":4}}},"fnMap":{"0":{"name":"(anonymous_0)","decl":{"start":{"line":17,"column":45},"end":{"line":17,"column":46}},"loc":{"start":{"line":26,"column":6},"end":{"line":52,"column":1}},"line":26}},"branchMap":{"0":{"loc":{"start":{"line":19,"column":2},"end":{"line":19,"column":17}},"type":"default-arg","locations":[{"start":{"line":19,"column":15},"end":{"line":19,"column":17}}],"line":19},"1":{"loc":{"start":{"line":20,"column":2},"end":{"line":20,"column":17}},"type":"default-arg","locations":[{"start":{"line":20,"column":9},"end":{"line":20,"column":17}}],"line":20},"2":{"loc":{"start":{"line":21,"column":2},"end":{"line":21,"column":18}},"type":"default-arg","locations":[{"start":{"line":21,"column":13},"end":{"line":21,"column":18}}],"line":21},"3":{"loc":{"start":{"line":28,"column":4},"end":{"line":28,"column":76}},"type":"cond-expr","locations":[{"start":{"line":28,"column":38},"end":{"line":28,"column":55}},{"start":{"line":28,"column":58},"end":{"line":28,"column":76}}],"line":28},"4":{"loc":{"start":{"line":31,"column":6},"end":{"line":31,"column":38}},"type":"binary-expr","locations":[{"start":{"line":31,"column":6},"end":{"line":31,"column":16}},{"start":{"line":31,"column":20},"end":{"line":31,"column":38}}],"line":31},"5":{"loc":{"start":{"line":32,"column":4},"end":{"line":32,"column":29}},"type":"binary-expr","locations":[{"start":{"line":32,"column":4},"end":{"line":32,"column":12}},{"start":{"line":32,"column":16},"end":{"line":32,"column":29}}],"line":32},"6":{"loc":{"start":{"line":39,"column":16},"end":{"line":39,"column":36}},"type":"binary-expr","locations":[{"start":{"line":39,"column":16},"end":{"line":39,"column":24}},{"start":{"line":39,"column":28},"end":{"line":39,"column":36}}],"line":39},"7":{"loc":{"start":{"line":42,"column":7},"end":{"line":49,"column":7}},"type":"cond-expr","locations":[{"start":{"line":43,"column":8},"end":{"line":43,"column":79}},{"start":{"line":45,"column":8},"end":{"line":48,"column":11}}],"line":42},"8":{"loc":{"start":{"line":46,"column":11},"end":{"line":46,"column":33}},"type":"binary-expr","locations":[{"start":{"line":46,"column":11},"end":{"line":46,"column":18}},{"start":{"line":46,"column":22},"end":{"line":46,"column":33}}],"line":46},"9":{"loc":{"start":{"line":47,"column":32},"end":{"line":47,"column":49}},"type":"binary-expr","locations":[{"start":{"line":47,"column":32},"end":{"line":47,"column":39}},{"start":{"line":47,"column":43},"end":{"line":47,"column":49}}],"line":47}},"s":{"0":4,"1":9,"2":9,"3":9},"f":{"0":9},"b":{"0":[9],"1":[9],"2":[8],"3":[1,8],"4":[9,2],"5":[9,1],"6":[9,8],"7":[1,8],"8":[8,2],"9":[8,2]},"_coverageSchema":"1a1c01bbd47fc00a2c39e90264f33305004495a9","hash":"312590b9d27350de34a35fca3fdb3125680e5762"}
,"/Users/daryamakauchyk/Desktop/algososh/src/components/ui/circle/circle.tsx": {"path":"/Users/daryamakauchyk/Desktop/algososh/src/components/ui/circle/circle.tsx","statementMap":{"0":{"start":{"line":16,"column":45},"end":{"line":68,"column":1}},"1":{"start":{"line":25,"column":2},"end":{"line":67,"column":4}}},"fnMap":{"0":{"name":"(anonymous_0)","decl":{"start":{"line":16,"column":45},"end":{"line":16,"column":46}},"loc":{"start":{"line":24,"column":6},"end":{"line":68,"column":1}},"line":24}},"branchMap":{"0":{"loc":{"start":{"line":17,"column":2},"end":{"line":17,"column":31}},"type":"default-arg","locations":[{"start":{"line":17,"column":10},"end":{"line":17,"column":31}}],"line":17},"1":{"loc":{"start":{"line":22,"column":2},"end":{"line":22,"column":17}},"type":"default-arg","locations":[{"start":{"line":22,"column":15},"end":{"line":22,"column":17}}],"line":22},"2":{"loc":{"start":{"line":32,"column":17},"end":{"line":32,"column":64}},"type":"cond-expr","locations":[{"start":{"line":32,"column":44},"end":{"line":32,"column":52}},{"start":{"line":32,"column":55},"end":{"line":32,"column":64}}],"line":32},"3":{"loc":{"start":{"line":38,"column":21},"end":{"line":38,"column":54}},"type":"cond-expr","locations":[{"start":{"line":38,"column":32},"end":{"line":38,"column":40}},{"start":{"line":38,"column":43},"end":{"line":38,"column":54}}],"line":38},"4":{"loc":{"start":{"line":39,"column":40},"end":{"line":39,"column":67}},"type":"cond-expr","locations":[{"start":{"line":39,"column":50},"end":{"line":39,"column":62}},{"start":{"line":39,"column":65},"end":{"line":39,"column":67}}],"line":39},"5":{"loc":{"start":{"line":60,"column":12},"end":{"line":60,"column":61}},"type":"cond-expr","locations":[{"start":{"line":60,"column":32},"end":{"line":60,"column":45}},{"start":{"line":60,"column":48},"end":{"line":60,"column":61}}],"line":60},"6":{"loc":{"start":{"line":61,"column":17},"end":{"line":61,"column":64}},"type":"cond-expr","locations":[{"start":{"line":61,"column":44},"end":{"line":61,"column":52}},{"start":{"line":61,"column":55},"end":{"line":61,"column":64}}],"line":61}},"s":{"0":3,"1":13},"f":{"0":13},"b":{"0":[10],"1":[13],"2":[1,12],"3":[12,1],"4":[1,12],"5":[1,12],"6":[1,12]},"_coverageSchema":"1a1c01bbd47fc00a2c39e90264f33305004495a9","hash":"2ae4d55ebcab5208e427bee56435d3103405462e"}
,"/Users/daryamakauchyk/Desktop/algososh/src/components/ui/column/column.tsx": {"path":"/Users/daryamakauchyk/Desktop/algososh/src/components/ui/column/column.tsx","statementMap":{"0":{"start":{"line":11,"column":45},"end":{"line":23,"column":1}},"1":{"start":{"line":16,"column":2},"end":{"line":22,"column":8}}},"fnMap":{"0":{"name":"(anonymous_0)","decl":{"start":{"line":11,"column":45},"end":{"line":11,"column":46}},"loc":{"start":{"line":16,"column":2},"end":{"line":22,"column":8}},"line":16}},"branchMap":{"0":{"loc":{"start":{"line":13,"column":2},"end":{"line":13,"column":31}},"type":"default-arg","locations":[{"start":{"line":13,"column":10},"end":{"line":13,"column":31}}],"line":13},"1":{"loc":{"start":{"line":14,"column":2},"end":{"line":14,"column":17}},"type":"default-arg","locations":[{"start":{"line":14,"column":15},"end":{"line":14,"column":17}}],"line":14},"2":{"loc":{"start":{"line":19,"column":23},"end":{"line":19,"column":47}},"type":"binary-expr","locations":[{"start":{"line":19,"column":23},"end":{"line":19,"column":42}},{"start":{"line":19,"column":46},"end":{"line":19,"column":47}}],"line":19}},"s":{"0":2,"1":0},"f":{"0":0},"b":{"0":[0],"1":[0],"2":[0,0]},"_coverageSchema":"1a1c01bbd47fc00a2c39e90264f33305004495a9","hash":"018852f7d03aea1690ac97634df1d5f2089b9858"}
,"/Users/daryamakauchyk/Desktop/algososh/src/components/ui/icons/arrow-icon.tsx": {"path":"/Users/daryamakauchyk/Desktop/algososh/src/components/ui/icons/arrow-icon.tsx","statementMap":{"0":{"start":{"line":7,"column":42},"end":{"line":24,"column":1}},"1":{"start":{"line":8,"column":2},"end":{"line":23,"column":4}}},"fnMap":{"0":{"name":"(anonymous_0)","decl":{"start":{"line":7,"column":42},"end":{"line":7,"column":43}},"loc":{"start":{"line":7,"column":68},"end":{"line":24,"column":1}},"line":7}},"branchMap":{"0":{"loc":{"start":{"line":7,"column":45},"end":{"line":7,"column":61}},"type":"default-arg","locations":[{"start":{"line":7,"column":52},"end":{"line":7,"column":61}}],"line":7}},"s":{"0":1,"1":0},"f":{"0":0},"b":{"0":[0]},"_coverageSchema":"1a1c01bbd47fc00a2c39e90264f33305004495a9","hash":"d612c30599099125c4284c9117c7d3faadd8caea"}
,"/Users/daryamakauchyk/Desktop/algososh/src/components/ui/icons/ascending-icon.tsx": {"path":"/Users/daryamakauchyk/Desktop/algososh/src/components/ui/icons/ascending-icon.tsx","statementMap":{"0":{"start":{"line":3,"column":29},"end":{"line":19,"column":1}},"1":{"start":{"line":4,"column":2},"end":{"line":18,"column":4}}},"fnMap":{"0":{"name":"(anonymous_0)","decl":{"start":{"line":3,"column":29},"end":{"line":3,"column":30}},"loc":{"start":{"line":3,"column":35},"end":{"line":19,"column":1}},"line":3}},"branchMap":{},"s":{"0":4,"1":1},"f":{"0":1},"b":{},"_coverageSchema":"1a1c01bbd47fc00a2c39e90264f33305004495a9","hash":"14b2945d01ac710dbf62e4ec63da3876ca975695"}
,"/Users/daryamakauchyk/Desktop/algososh/src/components/ui/icons/descending-icon.tsx": {"path":"/Users/daryamakauchyk/Desktop/algososh/src/components/ui/icons/descending-icon.tsx","statementMap":{"0":{"start":{"line":3,"column":30},"end":{"line":21,"column":1}},"1":{"start":{"line":4,"column":2},"end":{"line":20,"column":4}}},"fnMap":{"0":{"name":"(anonymous_0)","decl":{"start":{"line":3,"column":30},"end":{"line":3,"column":31}},"loc":{"start":{"line":3,"column":36},"end":{"line":21,"column":1}},"line":3}},"branchMap":{},"s":{"0":4,"1":1},"f":{"0":1},"b":{},"_coverageSchema":"1a1c01bbd47fc00a2c39e90264f33305004495a9","hash":"566014c1835d9cc987344ca931f56cecf99f17dd"}
,"/Users/daryamakauchyk/Desktop/algososh/src/components/ui/icons/return-icon.tsx": {"path":"/Users/daryamakauchyk/Desktop/algososh/src/components/ui/icons/return-icon.tsx","statementMap":{"0":{"start":{"line":3,"column":26},"end":{"line":20,"column":1}},"1":{"start":{"line":4,"column":2},"end":{"line":19,"column":4}}},"fnMap":{"0":{"name":"(anonymous_0)","decl":{"start":{"line":3,"column":26},"end":{"line":3,"column":27}},"loc":{"start":{"line":3,"column":32},"end":{"line":20,"column":1}},"line":3}},"branchMap":{},"s":{"0":3,"1":0},"f":{"0":0},"b":{},"_coverageSchema":"1a1c01bbd47fc00a2c39e90264f33305004495a9","hash":"2e66ac7820a0912c2481ed28a5545d123bef24cf"}
,"/Users/daryamakauchyk/Desktop/algososh/src/components/ui/input/input.tsx": {"path":"/Users/daryamakauchyk/Desktop/algososh/src/components/ui/input/input.tsx","statementMap":{"0":{"start":{"line":10,"column":43},"end":{"line":43,"column":1}},"1":{"start":{"line":20,"column":4},"end":{"line":22,"column":37}},"2":{"start":{"line":24,"column":2},"end":{"line":42,"column":4}}},"fnMap":{"0":{"name":"(anonymous_0)","decl":{"start":{"line":10,"column":43},"end":{"line":10,"column":44}},"loc":{"start":{"line":18,"column":6},"end":{"line":43,"column":1}},"line":18}},"branchMap":{"0":{"loc":{"start":{"line":11,"column":2},"end":{"line":11,"column":31}},"type":"default-arg","locations":[{"start":{"line":11,"column":16},"end":{"line":11,"column":31}}],"line":11},"1":{"loc":{"start":{"line":12,"column":2},"end":{"line":12,"column":17}},"type":"default-arg","locations":[{"start":{"line":12,"column":15},"end":{"line":12,"column":17}}],"line":12},"2":{"loc":{"start":{"line":13,"column":2},"end":{"line":13,"column":15}},"type":"default-arg","locations":[{"start":{"line":13,"column":9},"end":{"line":13,"column":15}}],"line":13},"3":{"loc":{"start":{"line":16,"column":2},"end":{"line":16,"column":21}},"type":"default-arg","locations":[{"start":{"line":16,"column":16},"end":{"line":16,"column":21}}],"line":16},"4":{"loc":{"start":{"line":20,"column":4},"end":{"line":22,"column":37}},"type":"cond-expr","locations":[{"start":{"line":21,"column":8},"end":{"line":21,"column":41}},{"start":{"line":21,"column":44},"end":{"line":22,"column":37}}],"line":20},"5":{"loc":{"start":{"line":20,"column":4},"end":{"line":20,"column":78}},"type":"binary-expr","locations":[{"start":{"line":20,"column":4},"end":{"line":20,"column":19}},{"start":{"line":20,"column":24},"end":{"line":20,"column":39}},{"start":{"line":20,"column":43},"end":{"line":20,"column":58}},{"start":{"line":20,"column":62},"end":{"line":20,"column":77}}],"line":20},"6":{"loc":{"start":{"line":21,"column":44},"end":{"line":22,"column":37}},"type":"cond-expr","locations":[{"start":{"line":21,"column":62},"end":{"line":21,"column":96}},{"start":{"line":22,"column":8},"end":{"line":22,"column":37}}],"line":21},"7":{"loc":{"start":{"line":34,"column":7},"end":{"line":40,"column":7}},"type":"binary-expr","locations":[{"start":{"line":34,"column":7},"end":{"line":34,"column":18}},{"start":{"line":35,"column":8},"end":{"line":39,"column":15}}],"line":34}},"s":{"0":2,"1":0,"2":0},"f":{"0":0},"b":{"0":[0],"1":[0],"2":[0],"3":[0],"4":[0,0],"5":[0,0,0,0],"6":[0,0],"7":[0,0]},"_coverageSchema":"1a1c01bbd47fc00a2c39e90264f33305004495a9","hash":"98221a3ae105807bcebb94798cddbde012ccffab"}
,"/Users/daryamakauchyk/Desktop/algososh/src/components/ui/radio-input/radio-input.tsx": {"path":"/Users/daryamakauchyk/Desktop/algososh/src/components/ui/radio-input/radio-input.tsx","statementMap":{"0":{"start":{"line":10,"column":48},"end":{"line":25,"column":1}},"1":{"start":{"line":15,"column":13},"end":{"line":15,"column":21}},"2":{"start":{"line":17,"column":2},"end":{"line":24,"column":4}}},"fnMap":{"0":{"name":"(anonymous_0)","decl":{"start":{"line":10,"column":48},"end":{"line":10,"column":49}},"loc":{"start":{"line":14,"column":6},"end":{"line":25,"column":1}},"line":14}},"branchMap":{"0":{"loc":{"start":{"line":11,"column":2},"end":{"line":11,"column":25}},"type":"default-arg","locations":[{"start":{"line":11,"column":10},"end":{"line":11,"column":25}}],"line":11},"1":{"loc":{"start":{"line":12,"column":2},"end":{"line":12,"column":17}},"type":"default-arg","locations":[{"start":{"line":12,"column":15},"end":{"line":12,"column":17}}],"line":12}},"s":{"0":2,"1":0,"2":0},"f":{"0":0},"b":{"0":[0],"1":[0]},"_coverageSchema":"1a1c01bbd47fc00a2c39e90264f33305004495a9","hash":"2bfa5b765e6320aa69bce16ea2279b9508c332ce"}
,"/Users/daryamakauchyk/Desktop/algososh/src/components/ui/return-button/return-button.tsx": {"path":"/Users/daryamakauchyk/Desktop/algososh/src/components/ui/return-button/return-button.tsx","statementMap":{"0":{"start":{"line":10,"column":51},"end":{"line":24,"column":1}},"1":{"start":{"line":14,"column":2},"end":{"line":23,"column":4}}},"fnMap":{"0":{"name":"(anonymous_0)","decl":{"start":{"line":10,"column":51},"end":{"line":10,"column":52}},"loc":{"start":{"line":13,"column":6},"end":{"line":24,"column":1}},"line":13}},"branchMap":{"0":{"loc":{"start":{"line":11,"column":2},"end":{"line":11,"column":17}},"type":"default-arg","locations":[{"start":{"line":11,"column":15},"end":{"line":11,"column":17}}],"line":11}},"s":{"0":3,"1":0},"f":{"0":0},"b":{"0":[0]},"_coverageSchema":"1a1c01bbd47fc00a2c39e90264f33305004495a9","hash":"0f0057bfc295a5419ad85acb5dd465fa6f174634"}
,"/Users/daryamakauchyk/Desktop/algososh/src/components/ui/solution-layout/solution-layout.tsx": {"path":"/Users/daryamakauchyk/Desktop/algososh/src/components/ui/solution-layout/solution-layout.tsx","statementMap":{"0":{"start":{"line":12,"column":61},"end":{"line":45,"column":1}},"1":{"start":{"line":17,"column":2},"end":{"line":44,"column":4}}},"fnMap":{"0":{"name":"(anonymous_0)","decl":{"start":{"line":12,"column":61},"end":{"line":12,"column":62}},"loc":{"start":{"line":16,"column":6},"end":{"line":45,"column":1}},"line":16}},"branchMap":{"0":{"loc":{"start":{"line":13,"column":2},"end":{"line":13,"column":17}},"type":"default-arg","locations":[{"start":{"line":13,"column":15},"end":{"line":13,"column":17}}],"line":13}},"s":{"0":3,"1":0},"f":{"0":0},"b":{"0":[0]},"_coverageSchema":"1a1c01bbd47fc00a2c39e90264f33305004495a9","hash":"7cbd99372728733ba7de9370192eeaebd6f56787"}
,"/Users/daryamakauchyk/Desktop/algososh/src/constants/delays.ts": {"path":"/Users/daryamakauchyk/Desktop/algososh/src/constants/delays.ts","statementMap":{"0":{"start":{"line":1,"column":27},"end":{"line":1,"column":31}},"1":{"start":{"line":2,"column":33},"end":{"line":2,"column":36}}},"fnMap":{},"branchMap":{},"s":{"0":0,"1":0},"f":{},"b":{}}
,"/Users/daryamakauchyk/Desktop/algososh/src/constants/element-captions.ts": {"path":"/Users/daryamakauchyk/Desktop/algososh/src/constants/element-captions.ts","statementMap":{"0":{"start":{"line":1,"column":20},"end":{"line":1,"column":26}},"1":{"start":{"line":2,"column":20},"end":{"line":2,"column":26}}},"fnMap":{},"branchMap":{},"s":{"0":0,"1":0},"f":{},"b":{}}
,"/Users/daryamakauchyk/Desktop/algososh/src/types/direction.ts": {"path":"/Users/daryamakauchyk/Desktop/algososh/src/types/direction.ts","statementMap":{},"fnMap":{},"branchMap":{},"s":{},"f":{},"b":{},"_coverageSchema":"1a1c01bbd47fc00a2c39e90264f33305004495a9","hash":"3446ebc093688a2211d5ab3037925c2444ae1a52"}
,"/Users/daryamakauchyk/Desktop/algososh/src/types/element-states.ts": {"path":"/Users/daryamakauchyk/Desktop/algososh/src/types/element-states.ts","statementMap":{},"fnMap":{},"branchMap":{},"s":{},"f":{},"b":{},"_coverageSchema":"1a1c01bbd47fc00a2c39e90264f33305004495a9","hash":"d14bcab8103062a8e137681ffd84fe628844bf64"}
,"/Users/daryamakauchyk/Desktop/algososh/src/types/list.ts": {"path":"/Users/daryamakauchyk/Desktop/algososh/src/types/list.ts","statementMap":{},"fnMap":{},"branchMap":{},"s":{},"f":{},"b":{}}
,"/Users/daryamakauchyk/Desktop/algososh/src/types/queue.ts": {"path":"/Users/daryamakauchyk/Desktop/algososh/src/types/queue.ts","statementMap":{},"fnMap":{},"branchMap":{},"s":{},"f":{},"b":{}}
,"/Users/daryamakauchyk/Desktop/algososh/src/types/sort.ts": {"path":"/Users/daryamakauchyk/Desktop/algososh/src/types/sort.ts","statementMap":{},"fnMap":{},"branchMap":{},"s":{},"f":{},"b":{}}
,"/Users/daryamakauchyk/Desktop/algososh/src/types/stack.ts": {"path":"/Users/daryamakauchyk/Desktop/algososh/src/types/stack.ts","statementMap":{},"fnMap":{},"branchMap":{},"s":{},"f":{},"b":{}}
,"/Users/daryamakauchyk/Desktop/algososh/src/types/string.ts": {"path":"/Users/daryamakauchyk/Desktop/algososh/src/types/string.ts","statementMap":{},"fnMap":{},"branchMap":{},"s":{},"f":{},"b":{}}
,"/Users/daryamakauchyk/Desktop/algososh/src/utils/constants.ts": {"path":"/Users/daryamakauchyk/Desktop/algososh/src/utils/constants.ts","statementMap":{"0":{"start":{"line":1,"column":27},"end":{"line":1,"column":28}},"1":{"start":{"line":2,"column":27},"end":{"line":2,"column":29}},"2":{"start":{"line":3,"column":27},"end":{"line":3,"column":30}},"3":{"start":{"line":4,"column":26},"end":{"line":4,"column":30}},"4":{"start":{"line":5,"column":38},"end":{"line":5,"column":39}},"5":{"start":{"line":6,"column":38},"end":{"line":6,"column":39}},"6":{"start":{"line":7,"column":32},"end":{"line":7,"column":33}},"7":{"start":{"line":8,"column":37},"end":{"line":8,"column":38}},"8":{"start":{"line":9,"column":35},"end":{"line":9,"column":36}},"9":{"start":{"line":10,"column":29},"end":{"line":10,"column":31}}},"fnMap":{},"branchMap":{},"s":{"0":3,"1":3,"2":3,"3":3,"4":3,"5":3,"6":3,"7":3,"8":3,"9":3},"f":{},"b":{},"_coverageSchema":"1a1c01bbd47fc00a2c39e90264f33305004495a9","hash":"8ae865080fd49c53b410fe8ff073230293784577"}
,"/Users/daryamakauchyk/Desktop/algososh/src/utils/functions.ts": {"path":"/Users/daryamakauchyk/Desktop/algososh/src/utils/functions.ts","statementMap":{"0":{"start":{"line":1,"column":21},"end":{"line":3,"column":1}},"1":{"start":{"line":2,"column":2},"end":{"line":2,"column":59}},"2":{"start":{"line":2,"column":34},"end":{"line":2,"column":57}},"3":{"start":{"line":5,"column":31},"end":{"line":7,"column":1}},"4":{"start":{"line":6,"column":2},"end":{"line":6,"column":59}}},"fnMap":{"0":{"name":"(anonymous_0)","decl":{"start":{"line":1,"column":21},"end":{"line":1,"column":22}},"loc":{"start":{"line":1,"column":37},"end":{"line":3,"column":1}},"line":1},"1":{"name":"(anonymous_1)","decl":{"start":{"line":2,"column":21},"end":{"line":2,"column":22}},"loc":{"start":{"line":2,"column":34},"end":{"line":2,"column":57}},"line":2},"2":{"name":"(anonymous_2)","decl":{"start":{"line":5,"column":31},"end":{"line":5,"column":32}},"loc":{"start":{"line":5,"column":69},"end":{"line":7,"column":1}},"line":5}},"branchMap":{},"s":{"0":3,"1":44,"2":44,"3":3,"4":0},"f":{"0":44,"1":44,"2":0},"b":{},"_coverageSchema":"1a1c01bbd47fc00a2c39e90264f33305004495a9","hash":"90ce991f4c531aa5ee302be2df36e15051de9486"}
}
