TN:
SF:src/index.tsx
FNF:0
FNH:0
DA:10,0
DA:11,0
DA:12,0
LF:3
LH:0
BRF:0
BRH:0
end_of_record
TN:
SF:src/reportWebVitals.ts
FN:3,(anonymous_0)
FN:5,(anonymous_1)
FNF:2
FNH:0
FNDA:0,(anonymous_0)
FNDA:0,(anonymous_1)
DA:3,0
DA:4,0
DA:5,0
DA:6,0
DA:7,0
DA:8,0
DA:9,0
DA:10,0
LF:8
LH:0
BRDA:4,0,0,0
BRDA:4,0,1,0
BRDA:4,1,0,0
BRDA:4,1,1,0
BRF:4
BRH:0
end_of_record
TN:
SF:src/components/app/app.tsx
FN:13,App
FNF:1
FNH:1
FNDA:1,App
DA:14,1
LF:1
LH:1
BRF:0
BRH:0
end_of_record
TN:
SF:src/components/fibonacci-page/fibonacci-page.tsx
FN:11,(anonymous_0)
FN:16,(anonymous_1)
FN:20,(anonymous_2)
FN:30,(anonymous_3)
FN:62,(anonymous_4)
FNF:5
FNH:0
FNDA:0,(anonymous_0)
FNDA:0,(anonymous_1)
FNDA:0,(anonymous_2)
FNDA:0,(anonymous_3)
FNDA:0,(anonymous_4)
DA:11,1
DA:12,0
DA:13,0
DA:14,0
DA:16,0
DA:17,0
DA:20,0
DA:21,0
DA:22,0
DA:23,0
DA:24,0
DA:25,0
DA:27,0
DA:30,0
DA:31,0
DA:34,0
DA:63,0
LF:17
LH:1
BRDA:52,0,0,0
BRDA:52,0,1,0
BRDA:52,1,0,0
BRDA:52,1,1,0
BRDA:52,1,2,0
BRDA:61,2,0,0
BRDA:61,2,1,0
BRF:7
BRH:0
end_of_record
TN:
SF:src/components/fibonacci-page/utils.ts
FN:1,(anonymous_0)
FNF:1
FNH:0
FNDA:0,(anonymous_0)
DA:1,1
DA:2,0
DA:3,0
DA:4,0
DA:6,0
LF:5
LH:1
BRF:0
BRH:0
end_of_record
TN:
SF:src/components/list-page/list-page-class.tsx
FN:6,(anonymous_0)
FN:16,(anonymous_1)
FN:17,(anonymous_2)
FN:20,(anonymous_3)
FN:29,(anonymous_4)
FN:33,(anonymous_5)
FN:44,(anonymous_6)
FN:55,(anonymous_7)
FN:71,(anonymous_8)
FN:85,(anonymous_9)
FN:103,(anonymous_10)
FN:111,(anonymous_11)
FN:130,(anonymous_12)
FNF:13
FNH:0
FNDA:0,(anonymous_0)
FNDA:0,(anonymous_1)
FNDA:0,(anonymous_2)
FNDA:0,(anonymous_3)
FNDA:0,(anonymous_4)
FNDA:0,(anonymous_5)
FNDA:0,(anonymous_6)
FNDA:0,(anonymous_7)
FNDA:0,(anonymous_8)
FNDA:0,(anonymous_9)
FNDA:0,(anonymous_10)
FNDA:0,(anonymous_11)
FNDA:0,(anonymous_12)
DA:7,0
DA:8,0
DA:17,0
DA:21,0
DA:22,0
DA:23,0
DA:24,0
DA:25,0
DA:30,0
DA:34,0
DA:35,0
DA:36,0
DA:37,0
DA:38,0
DA:39,0
DA:41,0
DA:45,0
DA:46,0
DA:48,0
DA:49,0
DA:50,0
DA:52,0
DA:56,0
DA:58,0
DA:59,0
DA:60,0
DA:61,0
DA:62,0
DA:65,0
DA:66,0
DA:67,0
DA:68,0
DA:72,0
DA:73,0
DA:74,0
DA:79,0
DA:80,0
DA:81,0
DA:82,0
DA:86,0
DA:87,0
DA:88,0
DA:89,0
DA:91,0
DA:92,0
DA:93,0
DA:95,0
DA:96,0
DA:97,0
DA:100,0
DA:104,0
DA:105,0
DA:106,0
DA:107,0
DA:108,0
DA:112,0
DA:114,0
DA:115,0
DA:116,0
DA:117,0
DA:120,0
DA:121,0
DA:122,0
DA:123,0
DA:124,0
DA:125,0
DA:127,0
DA:131,0
DA:132,0
DA:133,0
DA:134,0
DA:135,0
DA:136,0
DA:137,0
DA:138,0
LF:75
LH:0
BRDA:8,0,0,0
BRDA:8,0,1,0
BRDA:24,1,0,0
BRDA:24,1,1,0
BRDA:34,2,0,0
BRDA:34,2,1,0
BRDA:34,3,0,0
BRDA:34,3,1,0
BRDA:37,4,0,0
BRDA:37,4,1,0
BRDA:56,5,0,0
BRDA:56,5,1,0
BRDA:58,6,0,0
BRDA:58,6,1,0
BRDA:72,7,0,0
BRDA:72,7,1,0
BRDA:75,8,0,0
BRDA:75,8,1,0
BRDA:75,8,2,0
BRDA:87,9,0,0
BRDA:87,9,1,0
BRDA:92,10,0,0
BRDA:92,10,1,0
BRDA:95,11,0,0
BRDA:95,11,1,0
BRDA:95,12,0,0
BRDA:95,12,1,0
BRDA:114,13,0,0
BRDA:114,13,1,0
BRDA:121,14,0,0
BRDA:121,14,1,0
BRDA:131,15,0,0
BRDA:131,15,1,0
BRDA:132,16,0,0
BRDA:132,16,1,0
BRDA:134,17,0,0
BRDA:134,17,1,0
BRF:37
BRH:0
end_of_record
TN:
SF:src/components/list-page/list-page.tsx
FN:19,(anonymous_0)
FN:25,(anonymous_1)
FN:27,(anonymous_2)
FN:37,(anonymous_3)
FN:84,(anonymous_4)
FN:99,(anonymous_5)
FN:103,(anonymous_6)
FN:107,(anonymous_7)
FN:116,(anonymous_8)
FN:129,(anonymous_9)
FN:143,(anonymous_10)
FN:155,(anonymous_11)
FN:169,(anonymous_12)
FN:181,(anonymous_13)
FN:185,(anonymous_14)
FN:199,(anonymous_15)
FN:205,(anonymous_16)
FN:209,(anonymous_17)
FN:223,(anonymous_18)
FN:229,(anonymous_19)
FN:238,(anonymous_20)
FN:253,(anonymous_21)
FN:267,(anonymous_22)
FN:273,(anonymous_23)
FN:292,(anonymous_24)
FN:376,(anonymous_25)
FNF:26
FNH:0
FNDA:0,(anonymous_0)
FNDA:0,(anonymous_1)
FNDA:0,(anonymous_2)
FNDA:0,(anonymous_3)
FNDA:0,(anonymous_4)
FNDA:0,(anonymous_5)
FNDA:0,(anonymous_6)
FNDA:0,(anonymous_7)
FNDA:0,(anonymous_8)
FNDA:0,(anonymous_9)
FNDA:0,(anonymous_10)
FNDA:0,(anonymous_11)
FNDA:0,(anonymous_12)
FNDA:0,(anonymous_13)
FNDA:0,(anonymous_14)
FNDA:0,(anonymous_15)
FNDA:0,(anonymous_16)
FNDA:0,(anonymous_17)
FNDA:0,(anonymous_18)
FNDA:0,(anonymous_19)
FNDA:0,(anonymous_20)
FNDA:0,(anonymous_21)
FNDA:0,(anonymous_22)
FNDA:0,(anonymous_23)
FNDA:0,(anonymous_24)
FNDA:0,(anonymous_25)
DA:19,1
DA:20,0
DA:21,0
DA:22,0
DA:24,0
DA:26,0
DA:28,0
DA:34,0
DA:37,0
DA:40,0
DA:41,0
DA:42,0
DA:43,0
DA:44,0
DA:45,0
DA:46,0
DA:47,0
DA:48,0
DA:49,0
DA:50,0
DA:52,0
DA:53,0
DA:56,0
DA:62,0
DA:68,0
DA:74,0
DA:80,0
DA:82,0
DA:84,0
DA:85,0
DA:89,0
DA:94,0
DA:99,0
DA:100,0
DA:103,0
DA:104,0
DA:107,0
DA:108,0
DA:109,0
DA:111,0
DA:112,0
DA:116,0
DA:117,0
DA:118,0
DA:120,0
DA:121,0
DA:123,0
DA:124,0
DA:126,0
DA:129,0
DA:130,0
DA:131,0
DA:133,0
DA:134,0
DA:135,0
DA:136,0
DA:138,0
DA:139,0
DA:140,0
DA:141,0
DA:143,0
DA:144,0
DA:145,0
DA:147,0
DA:148,0
DA:149,0
DA:151,0
DA:152,0
DA:155,0
DA:156,0
DA:157,0
DA:159,0
DA:160,0
DA:161,0
DA:162,0
DA:164,0
DA:165,0
DA:166,0
DA:167,0
DA:169,0
DA:170,0
DA:171,0
DA:173,0
DA:174,0
DA:175,0
DA:177,0
DA:178,0
DA:181,0
DA:182,0
DA:183,0
DA:185,0
DA:186,0
DA:187,0
DA:188,0
DA:189,0
DA:190,0
DA:191,0
DA:193,0
DA:194,0
DA:195,0
DA:196,0
DA:199,0
DA:202,0
DA:205,0
DA:206,0
DA:207,0
DA:209,0
DA:210,0
DA:211,0
DA:212,0
DA:213,0
DA:214,0
DA:215,0
DA:217,0
DA:218,0
DA:219,0
DA:220,0
DA:223,0
DA:226,0
DA:229,0
DA:230,0
DA:231,0
DA:233,0
DA:234,0
DA:235,0
DA:236,0
DA:238,0
DA:239,0
DA:240,0
DA:242,0
DA:243,0
DA:244,0
DA:245,0
DA:248,0
DA:249,0
DA:250,0
DA:251,0
DA:253,0
DA:254,0
DA:256,0
DA:258,0
DA:259,0
DA:260,0
DA:262,0
DA:263,0
DA:264,0
DA:267,0
DA:268,0
DA:269,0
DA:270,0
DA:271,0
DA:273,0
DA:274,0
DA:275,0
DA:276,0
DA:277,0
DA:280,0
DA:281,0
DA:282,0
DA:283,0
DA:284,0
DA:285,0
DA:287,0
DA:288,0
DA:289,0
DA:292,0
DA:294,0
DA:295,0
DA:296,0
DA:300,0
DA:377,0
LF:171
LH:1
BRDA:52,0,0,0
BRDA:52,0,1,0
BRDA:53,1,0,0
BRDA:53,1,1,0
BRDA:56,2,0,0
BRDA:56,2,1,0
BRDA:56,2,2,0
BRDA:56,2,3,0
BRDA:56,2,4,0
BRDA:62,3,0,0
BRDA:62,3,1,0
BRDA:62,3,2,0
BRDA:62,3,3,0
BRDA:62,3,4,0
BRDA:68,4,0,0
BRDA:68,4,1,0
BRDA:68,4,2,0
BRDA:68,4,3,0
BRDA:68,4,4,0
BRDA:74,5,0,0
BRDA:74,5,1,0
BRDA:74,5,2,0
BRDA:74,5,3,0
BRDA:74,5,4,0
BRDA:80,6,0,0
BRDA:80,6,1,0
BRDA:80,6,2,0
BRDA:80,6,3,0
BRDA:82,7,0,0
BRDA:82,7,1,0
BRDA:82,7,2,0
BRDA:82,7,3,0
BRDA:85,8,0,0
BRDA:85,8,1,0
BRDA:85,9,0,0
BRDA:85,9,1,0
BRDA:85,9,2,0
BRDA:89,10,0,0
BRDA:89,10,1,0
BRDA:89,11,0,0
BRDA:89,11,1,0
BRDA:89,11,2,0
BRDA:89,11,3,0
BRDA:94,12,0,0
BRDA:94,12,1,0
BRDA:94,13,0,0
BRDA:94,13,1,0
BRDA:108,14,0,0
BRDA:108,14,1,0
BRDA:108,15,0,0
BRDA:108,15,1,0
BRDA:111,16,0,0
BRDA:111,16,1,0
BRDA:111,17,0,0
BRDA:111,17,1,0
BRDA:117,18,0,0
BRDA:117,18,1,0
BRDA:117,19,0,0
BRDA:117,19,1,0
BRDA:120,20,0,0
BRDA:120,20,1,0
BRDA:123,21,0,0
BRDA:123,21,1,0
BRDA:123,22,0,0
BRDA:123,22,1,0
BRDA:130,23,0,0
BRDA:130,23,1,0
BRDA:133,24,0,0
BRDA:133,24,1,0
BRDA:156,25,0,0
BRDA:156,25,1,0
BRDA:159,26,0,0
BRDA:159,26,1,0
BRDA:182,27,0,0
BRDA:182,27,1,0
BRDA:206,28,0,0
BRDA:206,28,1,0
BRDA:230,29,0,0
BRDA:230,29,1,0
BRDA:233,30,0,0
BRDA:233,30,1,0
BRDA:243,31,0,0
BRDA:243,31,1,0
BRDA:268,32,0,0
BRDA:268,32,1,0
BRDA:319,33,0,0
BRDA:319,33,1,0
BRDA:327,34,0,0
BRDA:327,34,1,0
BRDA:335,35,0,0
BRDA:335,35,1,0
BRDA:343,36,0,0
BRDA:343,36,1,0
BRDA:362,37,0,0
BRDA:362,37,1,0
BRDA:370,38,0,0
BRDA:370,38,1,0
BRDA:375,39,0,0
BRDA:375,39,1,0
BRDA:382,40,0,0
BRDA:382,40,1,0
BRDA:382,40,2,0
BRDA:382,40,3,0
BRDA:382,40,4,0
BRDA:382,40,5,0
BRDA:396,41,0,0
BRDA:396,41,1,0
BRDA:396,41,2,0
BRDA:396,41,3,0
BRDA:396,41,4,0
BRDA:396,41,5,0
BRDA:420,42,0,0
BRDA:420,42,1,0
BRF:113
BRH:0
end_of_record
TN:
SF:src/components/main-page/main-page.tsx
FN:11,(anonymous_0)
FNF:1
FNH:1
FNDA:1,(anonymous_0)
DA:11,1
DA:12,1
LF:2
LH:2
BRDA:11,0,0,1
BRF:1
BRH:1
end_of_record
TN:
SF:src/components/queue-page/queue-page-class.tsx
FN:10,(anonymous_0)
FN:15,(anonymous_1)
FN:29,(anonymous_2)
FN:38,(anonymous_3)
FN:40,(anonymous_4)
FN:42,(anonymous_5)
FN:49,(anonymous_6)
FN:56,(anonymous_7)
FN:60,(anonymous_8)
FNF:9
FNH:0
FNDA:0,(anonymous_0)
FNDA:0,(anonymous_1)
FNDA:0,(anonymous_2)
FNDA:0,(anonymous_3)
FNDA:0,(anonymous_4)
FNDA:0,(anonymous_5)
FNDA:0,(anonymous_6)
FNDA:0,(anonymous_7)
FNDA:0,(anonymous_8)
DA:4,0
DA:5,0
DA:6,0
DA:7,0
DA:8,0
DA:11,0
DA:12,0
DA:15,0
DA:16,0
DA:17,0
DA:19,0
DA:20,0
DA:21,0
DA:23,0
DA:24,0
DA:25,0
DA:29,0
DA:30,0
DA:31,0
DA:33,0
DA:34,0
DA:35,0
DA:38,0
DA:40,0
DA:42,0
DA:43,0
DA:44,0
DA:46,0
DA:49,0
DA:50,0
DA:51,0
DA:52,0
DA:53,0
DA:56,0
DA:57,0
DA:60,0
DA:61,0
LF:37
LH:0
BRDA:16,0,0,0
BRDA:16,0,1,0
BRDA:23,1,0,0
BRDA:23,1,1,0
BRDA:30,2,0,0
BRDA:30,2,1,0
BRDA:43,3,0,0
BRDA:43,3,1,0
BRF:8
BRH:0
end_of_record
TN:
SF:src/components/queue-page/queue-page.tsx
FN:17,(anonymous_0)
FN:18,(anonymous_1)
FN:31,(anonymous_2)
FN:35,(anonymous_3)
FN:63,(anonymous_4)
FN:98,(anonymous_5)
FN:142,(anonymous_6)
FNF:7
FNH:0
FNDA:0,(anonymous_0)
FNDA:0,(anonymous_1)
FNDA:0,(anonymous_2)
FNDA:0,(anonymous_3)
FNDA:0,(anonymous_4)
FNDA:0,(anonymous_5)
FNDA:0,(anonymous_6)
DA:17,1
DA:18,0
DA:22,0
DA:23,0
DA:24,0
DA:25,0
DA:26,0
DA:27,0
DA:28,0
DA:29,0
DA:31,0
DA:32,0
DA:35,0
DA:36,0
DA:37,0
DA:38,0
DA:39,0
DA:40,0
DA:41,0
DA:43,0
DA:44,0
DA:46,0
DA:47,0
DA:51,0
DA:53,0
DA:57,0
DA:59,0
DA:60,0
DA:63,0
DA:64,0
DA:65,0
DA:66,0
DA:67,0
DA:68,0
DA:70,0
DA:74,0
DA:76,0
DA:77,0
DA:78,0
DA:80,0
DA:85,0
DA:90,0
DA:93,0
DA:94,0
DA:95,0
DA:98,0
DA:99,0
DA:100,0
DA:101,0
DA:102,0
DA:103,0
DA:106,0
DA:143,0
LF:53
LH:1
BRDA:36,0,0,0
BRDA:36,0,1,0
BRDA:36,1,0,0
BRDA:36,1,1,0
BRDA:80,2,0,0
BRDA:80,2,1,0
BRDA:81,3,0,0
BRDA:81,3,1,0
BRDA:81,3,2,0
BRDA:120,4,0,0
BRDA:120,4,1,0
BRDA:120,4,2,0
BRDA:127,5,0,0
BRDA:127,5,1,0
BRDA:127,5,2,0
BRDA:135,6,0,0
BRDA:135,6,1,0
BRDA:135,6,2,0
BRDA:135,6,3,0
BRDA:141,7,0,0
BRDA:141,7,1,0
BRDA:150,8,0,0
BRDA:150,8,1,0
BRDA:150,9,0,0
BRDA:150,9,1,0
BRDA:150,9,2,0
BRDA:155,10,0,0
BRDA:155,10,1,0
BRDA:155,11,0,0
BRDA:155,11,1,0
BRF:30
BRH:0
end_of_record
TN:
SF:src/components/sorting-page/sorting-page.tsx
FN:14,(anonymous_0)
FN:44,(anonymous_1)
FN:74,(anonymous_2)
FN:97,(anonymous_3)
FN:120,(anonymous_4)
FN:126,(anonymous_5)
FN:130,(anonymous_6)
FN:134,(anonymous_7)
FN:141,(anonymous_8)
FN:148,(anonymous_9)
FN:189,(anonymous_10)
FN:198,(anonymous_11)
FN:210,(anonymous_12)
FNF:13
FNH:4
FNDA:3,(anonymous_0)
FNDA:3,(anonymous_1)
FNDA:3,(anonymous_2)
FNDA:3,(anonymous_3)
FNDA:0,(anonymous_4)
FNDA:0,(anonymous_5)
FNDA:0,(anonymous_6)
FNDA:0,(anonymous_7)
FNDA:0,(anonymous_8)
FNDA:0,(anonymous_9)
FNDA:0,(anonymous_10)
FNDA:0,(anonymous_11)
FNDA:0,(anonymous_12)
DA:14,2
DA:19,3
DA:20,3
DA:21,4
DA:22,4
DA:23,10
DA:24,10
DA:25,10
DA:27,10
DA:28,10
DA:29,3
DA:31,10
DA:32,10
DA:35,4
DA:36,4
DA:38,3
DA:41,3
DA:44,2
DA:49,3
DA:50,3
DA:51,4
DA:52,4
DA:53,10
DA:54,10
DA:55,10
DA:57,10
DA:58,10
DA:59,6
DA:61,10
DA:62,10
DA:65,4
DA:66,4
DA:68,3
DA:71,3
DA:74,2
DA:79,3
DA:80,3
DA:81,6
DA:82,10
DA:83,10
DA:84,10
DA:86,10
DA:87,10
DA:88,10
DA:90,10
DA:92,6
DA:94,3
DA:97,2
DA:102,3
DA:103,3
DA:104,6
DA:105,10
DA:106,10
DA:107,10
DA:109,10
DA:110,10
DA:111,10
DA:113,10
DA:115,6
DA:117,3
DA:120,2
DA:121,0
DA:122,0
DA:123,0
DA:124,0
DA:126,0
DA:127,0
DA:130,0
DA:131,0
DA:134,0
DA:135,0
DA:136,0
DA:138,0
DA:141,0
DA:142,0
DA:143,0
DA:145,0
DA:148,0
DA:149,0
DA:151,0
DA:152,0
DA:154,0
DA:155,0
DA:157,0
DA:158,0
DA:160,0
DA:161,0
DA:165,0
DA:189,0
DA:198,0
DA:211,0
LF:91
LH:61
BRDA:28,0,0,3
BRDA:28,0,1,7
BRDA:38,1,0,2
BRDA:38,1,1,1
BRDA:58,2,0,6
BRDA:58,2,1,4
BRDA:68,3,0,2
BRDA:68,3,1,1
BRDA:87,4,0,10
BRDA:87,4,1,0
BRDA:110,5,0,10
BRDA:110,5,1,0
BRDA:135,6,0,0
BRDA:135,6,1,0
BRDA:135,7,0,0
BRDA:135,7,1,0
BRDA:142,8,0,0
BRDA:142,8,1,0
BRDA:142,9,0,0
BRDA:142,9,1,0
BRDA:142,9,2,0
BRDA:151,10,0,0
BRDA:151,10,1,0
BRDA:151,11,0,0
BRDA:151,11,1,0
BRDA:154,12,0,0
BRDA:154,12,1,0
BRDA:154,13,0,0
BRDA:154,13,1,0
BRDA:157,14,0,0
BRDA:157,14,1,0
BRDA:157,15,0,0
BRDA:157,15,1,0
BRDA:160,16,0,0
BRDA:160,16,1,0
BRDA:160,17,0,0
BRDA:160,17,1,0
BRDA:172,18,0,0
BRDA:172,18,1,0
BRDA:179,19,0,0
BRDA:179,19,1,0
BRDA:209,20,0,0
BRDA:209,20,1,0
BRF:43
BRH:10
end_of_record
TN:
SF:src/components/sorting-page/utils.ts
FN:3,(anonymous_0)
FNF:1
FNH:0
FNDA:0,(anonymous_0)
DA:3,2
DA:4,0
DA:5,0
DA:6,0
DA:7,0
DA:12,0
LF:6
LH:1
BRF:0
BRH:0
end_of_record
TN:
SF:src/components/stack-page/stack-page-class.tsx
FN:6,(anonymous_0)
FN:10,(anonymous_1)
FN:14,(anonymous_2)
FN:18,(anonymous_3)
FN:22,(anonymous_4)
FN:24,(anonymous_5)
FNF:6
FNH:0
FNDA:0,(anonymous_0)
FNDA:0,(anonymous_1)
FNDA:0,(anonymous_2)
FNDA:0,(anonymous_3)
FNDA:0,(anonymous_4)
FNDA:0,(anonymous_5)
DA:4,0
DA:6,0
DA:7,0
DA:10,0
DA:11,0
DA:14,0
DA:15,0
DA:18,0
DA:19,0
DA:22,0
DA:24,0
LF:11
LH:0
BRF:0
BRH:0
end_of_record
TN:
SF:src/components/stack-page/stack-page.tsx
FN:13,(anonymous_0)
FN:18,(anonymous_1)
FN:22,(anonymous_2)
FN:33,(anonymous_3)
FN:41,(anonymous_4)
FN:46,(anonymous_5)
FN:85,(anonymous_6)
FNF:7
FNH:0
FNDA:0,(anonymous_0)
FNDA:0,(anonymous_1)
FNDA:0,(anonymous_2)
FNDA:0,(anonymous_3)
FNDA:0,(anonymous_4)
FNDA:0,(anonymous_5)
FNDA:0,(anonymous_6)
DA:13,1
DA:14,0
DA:15,0
DA:16,0
DA:18,0
DA:19,0
DA:22,0
DA:23,0
DA:24,0
DA:25,0
DA:26,0
DA:27,0
DA:28,0
DA:29,0
DA:33,0
DA:34,0
DA:35,0
DA:36,0
DA:37,0
DA:38,0
DA:41,0
DA:42,0
DA:43,0
DA:46,0
DA:47,0
DA:48,0
DA:50,0
DA:54,0
DA:86,0
LF:29
LH:1
BRDA:23,0,0,0
BRDA:23,0,1,0
BRDA:47,1,0,0
BRDA:47,1,1,0
BRDA:84,2,0,0
BRDA:84,2,1,0
BRF:6
BRH:0
end_of_record
TN:
SF:src/components/string/string.tsx
FN:13,(anonymous_0)
FN:41,(anonymous_1)
FN:46,(anonymous_2)
FN:50,(anonymous_3)
FN:53,(anonymous_4)
FN:79,(anonymous_5)
FNF:6
FNH:1
FNDA:4,(anonymous_0)
FNDA:0,(anonymous_1)
FNDA:0,(anonymous_2)
FNDA:0,(anonymous_3)
FNDA:0,(anonymous_4)
FNDA:0,(anonymous_5)
DA:13,2
DA:18,4
DA:19,4
DA:21,4
DA:22,6
DA:24,6
DA:25,4
DA:26,4
DA:27,4
DA:28,4
DA:31,6
DA:33,6
DA:34,6
DA:36,6
DA:38,4
DA:41,2
DA:42,0
DA:43,0
DA:44,0
DA:46,0
DA:47,0
DA:50,0
DA:51,0
DA:53,0
DA:54,0
DA:57,0
DA:80,0
LF:27
LH:16
BRDA:24,0,0,4
BRDA:24,0,1,2
BRDA:72,1,0,0
BRDA:72,1,1,0
BRDA:78,2,0,0
BRDA:78,2,1,0
BRF:6
BRH:2
end_of_record
TN:
SF:src/components/string/utils.ts
FN:3,(anonymous_0)
FNF:1
FNH:1
FNDA:7,(anonymous_0)
DA:3,2
DA:8,7
DA:9,7
DA:10,7
DA:11,7
LF:5
LH:5
BRF:0
BRH:0
end_of_record
TN:
SF:src/components/ui/button/button.tsx
FN:17,(anonymous_0)
FNF:1
FNH:1
FNDA:9,(anonymous_0)
DA:17,4
DA:28,9
DA:29,9
DA:35,9
LF:4
LH:4
BRDA:19,0,0,9
BRDA:20,1,0,9
BRDA:21,2,0,8
BRDA:28,3,0,1
BRDA:28,3,1,8
BRDA:31,4,0,9
BRDA:31,4,1,2
BRDA:32,5,0,9
BRDA:32,5,1,1
BRDA:39,6,0,9
BRDA:39,6,1,8
BRDA:42,7,0,1
BRDA:42,7,1,8
BRDA:46,8,0,8
BRDA:46,8,1,2
BRDA:47,9,0,8
BRDA:47,9,1,2
BRF:17
BRH:17
end_of_record
TN:
SF:src/components/ui/circle/circle.tsx
FN:16,(anonymous_0)
FNF:1
FNH:1
FNDA:13,(anonymous_0)
DA:16,3
DA:25,13
LF:2
LH:2
BRDA:17,0,0,10
BRDA:22,1,0,13
BRDA:32,2,0,1
BRDA:32,2,1,12
BRDA:38,3,0,12
BRDA:38,3,1,1
BRDA:39,4,0,1
BRDA:39,4,1,12
BRDA:60,5,0,1
BRDA:60,5,1,12
BRDA:61,6,0,1
BRDA:61,6,1,12
BRF:12
BRH:12
end_of_record
TN:
SF:src/components/ui/column/column.tsx
FN:11,(anonymous_0)
FNF:1
FNH:0
FNDA:0,(anonymous_0)
DA:11,2
DA:16,0
LF:2
LH:1
BRDA:13,0,0,0
BRDA:14,1,0,0
BRDA:19,2,0,0
BRDA:19,2,1,0
BRF:4
BRH:0
end_of_record
TN:
SF:src/components/ui/icons/arrow-icon.tsx
FN:7,(anonymous_0)
FNF:1
FNH:0
FNDA:0,(anonymous_0)
DA:7,1
DA:8,0
LF:2
LH:1
BRDA:7,0,0,0
BRF:1
BRH:0
end_of_record
TN:
SF:src/components/ui/icons/ascending-icon.tsx
FN:3,(anonymous_0)
FNF:1
FNH:1
FNDA:1,(anonymous_0)
DA:3,4
DA:4,1
LF:2
LH:2
BRF:0
BRH:0
end_of_record
TN:
SF:src/components/ui/icons/descending-icon.tsx
FN:3,(anonymous_0)
FNF:1
FNH:1
FNDA:1,(anonymous_0)
DA:3,4
DA:4,1
LF:2
LH:2
BRF:0
BRH:0
end_of_record
TN:
SF:src/components/ui/icons/return-icon.tsx
FN:3,(anonymous_0)
FNF:1
FNH:0
FNDA:0,(anonymous_0)
DA:3,3
DA:4,0
LF:2
LH:1
BRF:0
BRH:0
end_of_record
TN:
SF:src/components/ui/input/input.tsx
FN:10,(anonymous_0)
FNF:1
FNH:0
FNDA:0,(anonymous_0)
DA:10,2
DA:20,0
DA:24,0
LF:3
LH:1
BRDA:11,0,0,0
BRDA:12,1,0,0
BRDA:13,2,0,0
BRDA:16,3,0,0
BRDA:20,4,0,0
BRDA:20,4,1,0
BRDA:20,5,0,0
BRDA:20,5,1,0
BRDA:20,5,2,0
BRDA:20,5,3,0
BRDA:21,6,0,0
BRDA:21,6,1,0
BRDA:34,7,0,0
BRDA:34,7,1,0
BRF:14
BRH:0
end_of_record
TN:
SF:src/components/ui/radio-input/radio-input.tsx
FN:10,(anonymous_0)
FNF:1
FNH:0
FNDA:0,(anonymous_0)
DA:10,2
DA:15,0
DA:17,0
LF:3
LH:1
BRDA:11,0,0,0
BRDA:12,1,0,0
BRF:2
BRH:0
end_of_record
TN:
SF:src/components/ui/return-button/return-button.tsx
FN:10,(anonymous_0)
FNF:1
FNH:0
FNDA:0,(anonymous_0)
DA:10,3
DA:14,0
LF:2
LH:1
BRDA:11,0,0,0
BRF:1
BRH:0
end_of_record
TN:
SF:src/components/ui/solution-layout/solution-layout.tsx
FN:12,(anonymous_0)
FNF:1
FNH:0
FNDA:0,(anonymous_0)
DA:12,3
DA:17,0
LF:2
LH:1
BRDA:13,0,0,0
BRF:1
BRH:0
end_of_record
TN:
SF:src/constants/delays.ts
FNF:0
FNH:0
DA:1,0
DA:2,0
LF:2
LH:0
BRF:0
BRH:0
end_of_record
TN:
SF:src/constants/element-captions.ts
FNF:0
FNH:0
DA:1,0
DA:2,0
LF:2
LH:0
BRF:0
BRH:0
end_of_record
TN:
SF:src/types/direction.ts
FNF:0
FNH:0
LF:0
LH:0
BRF:0
BRH:0
end_of_record
TN:
SF:src/types/element-states.ts
FNF:0
FNH:0
LF:0
LH:0
BRF:0
BRH:0
end_of_record
TN:
SF:src/types/list.ts
FNF:0
FNH:0
LF:0
LH:0
BRF:0
BRH:0
end_of_record
TN:
SF:src/types/queue.ts
FNF:0
FNH:0
LF:0
LH:0
BRF:0
BRH:0
end_of_record
TN:
SF:src/types/sort.ts
FNF:0
FNH:0
LF:0
LH:0
BRF:0
BRH:0
end_of_record
TN:
SF:src/types/stack.ts
FNF:0
FNH:0
LF:0
LH:0
BRF:0
BRH:0
end_of_record
TN:
SF:src/types/string.ts
FNF:0
FNH:0
LF:0
LH:0
BRF:0
BRH:0
end_of_record
TN:
SF:src/utils/constants.ts
FNF:0
FNH:0
DA:1,3
DA:2,3
DA:3,3
DA:4,3
DA:5,3
DA:6,3
DA:7,3
DA:8,3
DA:9,3
DA:10,3
LF:10
LH:10
BRF:0
BRH:0
end_of_record
TN:
SF:src/utils/functions.ts
FN:1,(anonymous_0)
FN:2,(anonymous_1)
FN:5,(anonymous_2)
FNF:3
FNH:2
FNDA:44,(anonymous_0)
FNDA:44,(anonymous_1)
FNDA:0,(anonymous_2)
DA:1,3
DA:2,44
DA:5,3
DA:6,0
LF:4
LH:3
BRF:0
BRH:0
end_of_record
